Log file open, 03/09/20 12:47:31
LogWindows: Failed to load 'aqProf.dll' (GetLastError=126)
LogWindows: File 'aqProf.dll' does not exist
LogWindows: Failed to load 'VtuneApi.dll' (GetLastError=126)
LogWindows: File 'VtuneApi.dll' does not exist
LogWindows: Failed to load 'VtuneApi32e.dll' (GetLastError=126)
LogWindows: File 'VtuneApi32e.dll' does not exist
LogConsoleResponse: Display: Failed to find resolution value strings in scalability ini. Falling back to default.
LogInit: Display: Running engine for game: ProjectMock
LogPlatformFile: Not using cached read wrapper
LogTaskGraph: Started task graph with 5 named threads and 35 total threads with 3 sets of task threads.
LogStats: Stats thread started at 0.097326
LogD3D11RHI: Loaded GFSDK_Aftermath_Lib.x64.dll
LogICUInternationalization: ICU TimeZone Detection - Raw Offset: +0:00, Platform Override: ''
LogPluginManager: Mounting plugin Paper2D
LogPluginManager: Mounting plugin AISupport
LogPluginManager: Mounting plugin LightPropagationVolume
LogPluginManager: Mounting plugin ActorLayerUtilities
LogPluginManager: Mounting plugin AnimationSharing
LogPluginManager: Mounting plugin CLionSourceCodeAccess
LogPluginManager: Mounting plugin CodeLiteSourceCodeAccess
LogPluginManager: Mounting plugin GitSourceControl
LogPluginManager: Mounting plugin KDevelopSourceCodeAccess
LogPluginManager: Mounting plugin NullSourceCodeAccess
LogPluginManager: Mounting plugin PerforceSourceControl
LogPluginManager: Mounting plugin SubversionSourceControl
LogPluginManager: Mounting plugin UObjectPlugin
LogPluginManager: Mounting plugin VisualStudioCodeSourceCodeAccess
LogPluginManager: Mounting plugin VisualStudioSourceCodeAccess
LogPluginManager: Mounting plugin XCodeSourceCodeAccess
LogPluginManager: Mounting plugin AssetManagerEditor
LogPluginManager: Mounting plugin CryptoKeys
LogPluginManager: Mounting plugin CurveEditorTools
LogPluginManager: Mounting plugin DataValidation
LogPluginManager: Mounting plugin FacialAnimation
LogPluginManager: Mounting plugin GameplayTagsEditor
LogPluginManager: Mounting plugin MacGraphicsSwitching
LogPluginManager: Mounting plugin MaterialAnalyzer
LogPluginManager: Mounting plugin MobileLauncherProfileWizard
LogPluginManager: Mounting plugin PluginBrowser
LogPluginManager: Mounting plugin SpeedTreeImporter
LogPluginManager: Mounting plugin DatasmithContent
LogPluginManager: Mounting plugin VariantManagerContent
LogPluginManager: Mounting plugin AlembicImporter
LogPluginManager: Mounting plugin AutomationUtils
LogPluginManager: Mounting plugin BackChannel
LogPluginManager: Mounting plugin CharacterAI
LogPluginManager: Mounting plugin GeometryCache
LogPluginManager: Mounting plugin HTML5Networking
LogPluginManager: Mounting plugin PlatformCrypto
LogPluginManager: Mounting plugin ProxyLODPlugin
LogPluginManager: Mounting plugin SkeletalReduction
LogPluginManager: Mounting plugin MagicLeap
LogPluginManager: Mounting plugin MagicLeapMedia
LogPluginManager: Mounting plugin AndroidMedia
LogPluginManager: Mounting plugin AvfMedia
LogPluginManager: Mounting plugin ImgMedia
LogPluginManager: Mounting plugin MediaCompositing
LogPluginManager: Mounting plugin MediaPlayerEditor
LogPluginManager: Mounting plugin WebMMedia
LogPluginManager: Mounting plugin WmfMedia
LogPluginManager: Mounting plugin TcpMessaging
LogPluginManager: Mounting plugin UdpMessaging
LogPluginManager: Mounting plugin ActorSequence
LogPluginManager: Mounting plugin LevelSequenceEditor
LogPluginManager: Mounting plugin MatineeToLevelSequence
LogPluginManager: Mounting plugin NetcodeUnitTest
LogPluginManager: Mounting plugin NUTUnrealEngine4
LogPluginManager: Mounting plugin OnlineSubsystemGooglePlay
LogPluginManager: Mounting plugin OnlineSubsystemIOS
LogPluginManager: Mounting plugin OnlineSubsystem
LogPluginManager: Mounting plugin OnlineSubsystemNull
LogPluginManager: Mounting plugin OnlineSubsystemUtils
LogPluginManager: Mounting plugin LauncherChunkInstaller
LogPluginManager: Mounting plugin AndroidDeviceProfileSelector
LogPluginManager: Mounting plugin AndroidMoviePlayer
LogPluginManager: Mounting plugin AndroidPermission
LogPluginManager: Mounting plugin AppleImageUtils
LogPluginManager: Mounting plugin AppleMoviePlayer
LogPluginManager: Mounting plugin ArchVisCharacter
LogPluginManager: Mounting plugin AudioCapture
LogPluginManager: Mounting plugin CableComponent
LogPluginManager: Mounting plugin CustomMeshComponent
LogPluginManager: Mounting plugin EditableMesh
LogPluginManager: Mounting plugin ExampleDeviceProfileSelector
LogPluginManager: Mounting plugin GoogleCloudMessaging
LogPluginManager: Mounting plugin IOSDeviceProfileSelector
LogPluginManager: Mounting plugin LinuxDeviceProfileSelector
LogPluginManager: Mounting plugin LocationServicesBPLibrary
LogPluginManager: Mounting plugin MobilePatchingUtils
LogPluginManager: Mounting plugin OculusVR
LogPluginManager: Mounting plugin PhysXVehicles
LogPluginManager: Mounting plugin ProceduralMeshComponent
LogPluginManager: Mounting plugin RuntimePhysXCooking
LogPluginManager: Mounting plugin SignificanceManager
LogPluginManager: Mounting plugin SteamVR
LogPluginManager: Mounting plugin WebMMoviePlayer
LogPluginManager: Mounting plugin WindowsMoviePlayer
LogPluginManager: Mounting plugin ScreenshotTools
LogInit: Using libcurl 7.55.1-DEV
LogInit:  - built for x86_64-pc-win32
LogInit:  - supports SSL with OpenSSL/1.1.1
LogInit:  - supports HTTP deflate (compression) using libz 1.2.8
LogInit:  - other features:
LogInit:      CURL_VERSION_SSL
LogInit:      CURL_VERSION_LIBZ
LogInit:      CURL_VERSION_IPV6
LogInit:      CURL_VERSION_ASYNCHDNS
LogInit:      CURL_VERSION_LARGEFILE
LogInit:      CURL_VERSION_IDN
LogInit:  CurlRequestOptions (configurable via config and command line):
LogInit:  - bVerifyPeer = true  - Libcurl will verify peer certificate
LogInit:  - bUseHttpProxy = false  - Libcurl will NOT use HTTP proxy
LogInit:  - bDontReuseConnections = false  - Libcurl will reuse connections
LogInit:  - MaxHostConnections = 16  - Libcurl will limit the number of connections to a host
LogInit:  - LocalHostAddr = Default
LogInit:  - BufferSize = 65536
LogOnline: OSS: Creating online subsystem instance for: NULL
LogInit: WinSock: version 1.1 (2.2), MaxSocks=32767, MaxUdp=65467
LogInit: Build: ++UE4+Release-4.23-CL-8386587
LogInit: Engine Version: 4.23.0-8386587+++UE4+Release-4.23
LogInit: Compatible Engine Version: 4.23.0-8386587+++UE4+Release-4.23
LogInit: Net CL: 8386587
LogInit: OS: Windows 10 (Release 1809) (), CPU: Intel(R) Xeon(R) CPU E5-1650 v4 @ 3.60GHz, GPU: NVIDIA GeForce GTX 1080
LogInit: Compiled (64-bit): Aug 31 2019 02:04:44
LogInit: Compiled with Visual C++: 19.16.27030.01
LogInit: Build Configuration: Development
LogInit: Branch Name: ++UE4+Release-4.23
LogInit: Command Line: 
LogInit: Base Directory: C:/Program Files/Epic Games/UE_4.23/Engine/Binaries/Win64/
LogInit: Installed Engine Build: 1
LogDevObjectVersion: Number of dev versions registered: 23
LogDevObjectVersion:   Dev-Blueprints (B0D832E4-1F89-4F0D-ACCF-7EB736FD4AA2): 10
LogDevObjectVersion:   Dev-Build (E1C64328-A22C-4D53-A36C-8E866417BD8C): 0
LogDevObjectVersion:   Dev-Core (375EC13C-06E4-48FB-B500-84F0262A717E): 3
LogDevObjectVersion:   Dev-Editor (E4B068ED-F494-42E9-A231-DA0B2E46BB41): 34
LogDevObjectVersion:   Dev-Framework (CFFC743F-43B0-4480-9391-14DF171D2073): 35
LogDevObjectVersion:   Dev-Mobile (B02B49B5-BB20-44E9-A304-32B752E40360): 2
LogDevObjectVersion:   Dev-Networking (A4E4105C-59A1-49B5-A7C5-40C4547EDFEE): 0
LogDevObjectVersion:   Dev-Online (39C831C9-5AE6-47DC-9A44-9C173E1C8E7C): 0
LogDevObjectVersion:   Dev-Physics (78F01B33-EBEA-4F98-B9B4-84EACCB95AA2): 0
LogDevObjectVersion:   Dev-Platform (6631380F-2D4D-43E0-8009-CF276956A95A): 0
LogDevObjectVersion:   Dev-Rendering (12F88B9F-8875-4AFC-A67C-D90C383ABD29): 31
LogDevObjectVersion:   Dev-Sequencer (7B5AE74C-D270-4C10-A958-57980B212A5A): 11
LogDevObjectVersion:   Dev-VR (D7296918-1DD6-4BDD-9DE2-64A83CC13884): 2
LogDevObjectVersion:   Dev-LoadTimes (C2A15278-BFE7-4AFE-6C17-90FF531DF755): 1
LogDevObjectVersion:   Private-Geometry (6EACA3D4-40EC-4CC1-B786-8BED09428FC5): 3
LogDevObjectVersion:   Dev-AnimPhys (29E575DD-E0A3-4627-9D10-D276232CDCEA): 17
LogDevObjectVersion:   Dev-Anim (AF43A65D-7FD3-4947-9873-3E8ED9C1BB05): 2
LogDevObjectVersion:   Dev-ReflectionCapture (6B266CEC-1EC7-4B8F-A30B-E4D90942FC07): 1
LogDevObjectVersion:   Dev-Automation (0DF73D61-A23F-47EA-B727-89E90C41499A): 1
LogDevObjectVersion:   FortniteMain (601D1886-AC64-4F84-AA16-D3DE0DEAC7D6): 27
LogDevObjectVersion:   Dev-Enterprise (9DFFBCD6-494F-0158-E221-12823C92A888): 6
LogDevObjectVersion:   Dev-Niagara (F2AED0AC-9AFE-416F-8664-AA7FFA26D6FC): 1
LogDevObjectVersion:   Dev-Destruction (174F1F0B-B4C6-45A5-B13F-2EE8D0FB917D): 9
LogInit: Presizing for max 16777216 objects, including 0 objects not considered by GC, pre-allocating 0 bytes for permanent pool.
LogInit: Object subsystem initialized
LogConfig: Setting CVar [[con.DebugEarlyDefault:1]]
LogConfig: Setting CVar [[r.setres:1280x720]]
[2020.03.09-12.47.31:571][  0]LogConfig: Setting CVar [[r.VSync:0]]
[2020.03.09-12.47.31:571][  0]LogConfig: Setting CVar [[r.RHICmdBypass:0]]
[2020.03.09-12.47.31:571][  0]LogConfig: Applying CVar settings from Section [/Script/Engine.RendererSettings] File [D:/1802451/ProjectMock/Saved/Config/Windows/Engine.ini]
[2020.03.09-12.47.31:571][  0]LogConfig: Setting CVar [[r.GPUCrashDebugging:0]]
[2020.03.09-12.47.31:571][  0]LogConfig: Applying CVar settings from Section [/Script/Engine.RendererOverrideSettings] File [D:/1802451/ProjectMock/Saved/Config/Windows/Engine.ini]
[2020.03.09-12.47.31:571][  0]LogConfig: Applying CVar settings from Section [/Script/Engine.StreamingSettings] File [D:/1802451/ProjectMock/Saved/Config/Windows/Engine.ini]
[2020.03.09-12.47.31:571][  0]LogConfig: Setting CVar [[s.MinBulkDataSizeForAsyncLoading:131072]]
[2020.03.09-12.47.31:571][  0]LogConfig: Setting CVar [[s.AsyncLoadingThreadEnabled:0]]
[2020.03.09-12.47.31:571][  0]LogConfig: Setting CVar [[s.EventDrivenLoaderEnabled:1]]
[2020.03.09-12.47.31:571][  0]LogConfig: Setting CVar [[s.WarnIfTimeLimitExceeded:0]]
[2020.03.09-12.47.31:571][  0]LogConfig: Setting CVar [[s.TimeLimitExceededMultiplier:1.5]]
[2020.03.09-12.47.31:571][  0]LogConfig: Setting CVar [[s.TimeLimitExceededMinTime:0.005]]
[2020.03.09-12.47.31:572][  0]LogConfig: Setting CVar [[s.UseBackgroundLevelStreaming:1]]
[2020.03.09-12.47.31:572][  0]LogConfig: Setting CVar [[s.PriorityAsyncLoadingExtraTime:15.0]]
[2020.03.09-12.47.31:572][  0]LogConfig: Setting CVar [[s.LevelStreamingActorsUpdateTimeLimit:5.0]]
[2020.03.09-12.47.31:572][  0]LogConfig: Setting CVar [[s.PriorityLevelStreamingActorsUpdateExtraTime:5.0]]
[2020.03.09-12.47.31:572][  0]LogConfig: Setting CVar [[s.LevelStreamingComponentsRegistrationGranularity:10]]
[2020.03.09-12.47.31:572][  0]LogConfig: Setting CVar [[s.UnregisterComponentsTimeLimit:1.0]]
[2020.03.09-12.47.31:572][  0]LogConfig: Setting CVar [[s.LevelStreamingComponentsUnregistrationGranularity:5]]
[2020.03.09-12.47.31:572][  0]LogConfig: Applying CVar settings from Section [/Script/Engine.GarbageCollectionSettings] File [D:/1802451/ProjectMock/Saved/Config/Windows/Engine.ini]
[2020.03.09-12.47.31:572][  0]LogConfig: Setting CVar [[gc.MaxObjectsNotConsideredByGC:1]]
[2020.03.09-12.47.31:572][  0]LogConfig: Setting CVar [[gc.SizeOfPermanentObjectPool:0]]
[2020.03.09-12.47.31:572][  0]LogConfig: Setting CVar [[gc.FlushStreamingOnGC:0]]
[2020.03.09-12.47.31:572][  0]LogConfig: Setting CVar [[gc.NumRetriesBeforeForcingGC:10]]
[2020.03.09-12.47.31:572][  0]LogConfig: Setting CVar [[gc.AllowParallelGC:1]]
[2020.03.09-12.47.31:572][  0]LogConfig: Setting CVar [[gc.TimeBetweenPurgingPendingKillObjects:61.1]]
[2020.03.09-12.47.31:572][  0]LogConfig: Setting CVar [[gc.MaxObjectsInEditor:16777216]]
[2020.03.09-12.47.31:572][  0]LogConfig: Setting CVar [[gc.IncrementalBeginDestroyEnabled:1]]
[2020.03.09-12.47.31:572][  0]LogConfig: Setting CVar [[gc.CreateGCClusters:1]]
[2020.03.09-12.47.31:572][  0]LogConfig: Setting CVar [[gc.MinGCClusterSize:5]]
[2020.03.09-12.47.31:572][  0]LogConfig: Setting CVar [[gc.ActorClusteringEnabled:0]]
[2020.03.09-12.47.31:572][  0]LogConfig: Setting CVar [[gc.BlueprintClusteringEnabled:0]]
[2020.03.09-12.47.31:572][  0]LogConfig: Setting CVar [[gc.UseDisregardForGCOnDedicatedServers:0]]
[2020.03.09-12.47.31:572][  0]LogConfig: Applying CVar settings from Section [/Script/Engine.NetworkSettings] File [D:/1802451/ProjectMock/Saved/Config/Windows/Engine.ini]
[2020.03.09-12.47.31:572][  0]LogConfig: Applying CVar settings from Section [/Script/UnrealEd.CookerSettings] File [D:/1802451/ProjectMock/Saved/Config/Windows/Engine.ini]
[2020.03.09-12.47.31:580][  0]LogConfig: Applying CVar settings from Section [ViewDistanceQuality@3] File [D:/1802451/ProjectMock/Saved/Config/Windows/Scalability.ini]
[2020.03.09-12.47.31:580][  0]LogConfig: Setting CVar [[r.SkeletalMeshLODBias:0]]
[2020.03.09-12.47.31:580][  0]LogConfig: Setting CVar [[r.ViewDistanceScale:1.0]]
[2020.03.09-12.47.31:580][  0]LogConfig: Applying CVar settings from Section [AntiAliasingQuality@3] File [D:/1802451/ProjectMock/Saved/Config/Windows/Scalability.ini]
[2020.03.09-12.47.31:580][  0]LogConfig: Setting CVar [[r.PostProcessAAQuality:4]]
[2020.03.09-12.47.31:580][  0]LogConfig: Applying CVar settings from Section [ShadowQuality@3] File [D:/1802451/ProjectMock/Saved/Config/Windows/Scalability.ini]
[2020.03.09-12.47.31:580][  0]LogConfig: Setting CVar [[r.LightFunctionQuality:1]]
[2020.03.09-12.47.31:580][  0]LogConfig: Setting CVar [[r.ShadowQuality:5]]
[2020.03.09-12.47.31:580][  0]LogConfig: Setting CVar [[r.Shadow.CSM.MaxCascades:10]]
[2020.03.09-12.47.31:580][  0]LogConfig: Setting CVar [[r.Shadow.MaxResolution:2048]]
[2020.03.09-12.47.31:580][  0]LogConfig: Setting CVar [[r.Shadow.MaxCSMResolution:2048]]
[2020.03.09-12.47.31:580][  0]LogConfig: Setting CVar [[r.Shadow.RadiusThreshold:0.01]]
[2020.03.09-12.47.31:580][  0]LogConfig: Setting CVar [[r.Shadow.DistanceScale:1.0]]
[2020.03.09-12.47.31:580][  0]LogConfig: Setting CVar [[r.Shadow.CSM.TransitionScale:1.0]]
[2020.03.09-12.47.31:581][  0]LogConfig: Setting CVar [[r.Shadow.PreShadowResolutionFactor:1.0]]
[2020.03.09-12.47.31:581][  0]LogConfig: Setting CVar [[r.DistanceFieldShadowing:1]]
[2020.03.09-12.47.31:581][  0]LogConfig: Setting CVar [[r.DistanceFieldAO:1]]
[2020.03.09-12.47.31:581][  0]LogConfig: Setting CVar [[r.AOQuality:2]]
[2020.03.09-12.47.31:581][  0]LogConfig: Setting CVar [[r.VolumetricFog:1]]
[2020.03.09-12.47.31:581][  0]LogConfig: Setting CVar [[r.VolumetricFog.GridPixelSize:8]]
[2020.03.09-12.47.31:581][  0]LogConfig: Setting CVar [[r.VolumetricFog.GridSizeZ:128]]
[2020.03.09-12.47.31:581][  0]LogConfig: Setting CVar [[r.VolumetricFog.HistoryMissSupersampleCount:4]]
[2020.03.09-12.47.31:581][  0]LogConfig: Setting CVar [[r.LightMaxDrawDistanceScale:1]]
[2020.03.09-12.47.31:581][  0]LogConfig: Setting CVar [[r.CapsuleShadows:1]]
[2020.03.09-12.47.31:581][  0]LogConfig: Applying CVar settings from Section [PostProcessQuality@3] File [D:/1802451/ProjectMock/Saved/Config/Windows/Scalability.ini]
[2020.03.09-12.47.31:581][  0]LogConfig: Setting CVar [[r.MotionBlurQuality:4]]
[2020.03.09-12.47.31:581][  0]LogConfig: Setting CVar [[r.AmbientOcclusionMipLevelFactor:0.4]]
[2020.03.09-12.47.31:581][  0]LogConfig: Setting CVar [[r.AmbientOcclusionMaxQuality:100]]
[2020.03.09-12.47.31:581][  0]LogConfig: Setting CVar [[r.AmbientOcclusionLevels:-1]]
[2020.03.09-12.47.31:581][  0]LogConfig: Setting CVar [[r.AmbientOcclusionRadiusScale:1.0]]
[2020.03.09-12.47.31:581][  0]LogConfig: Setting CVar [[r.DepthOfFieldQuality:2]]
[2020.03.09-12.47.31:581][  0]LogConfig: Setting CVar [[r.RenderTargetPoolMin:400]]
[2020.03.09-12.47.31:581][  0]LogConfig: Setting CVar [[r.LensFlareQuality:2]]
[2020.03.09-12.47.31:581][  0]LogConfig: Setting CVar [[r.SceneColorFringeQuality:1]]
[2020.03.09-12.47.31:581][  0]LogConfig: Setting CVar [[r.EyeAdaptationQuality:2]]
[2020.03.09-12.47.31:581][  0]LogConfig: Setting CVar [[r.BloomQuality:5]]
[2020.03.09-12.47.31:581][  0]LogConfig: Setting CVar [[r.FastBlurThreshold:100]]
[2020.03.09-12.47.31:581][  0]LogConfig: Setting CVar [[r.Upscale.Quality:3]]
[2020.03.09-12.47.31:581][  0]LogConfig: Setting CVar [[r.Tonemapper.GrainQuantization:1]]
[2020.03.09-12.47.31:581][  0]LogConfig: Setting CVar [[r.LightShaftQuality:1]]
[2020.03.09-12.47.31:581][  0]LogConfig: Setting CVar [[r.Filter.SizeScale:1]]
[2020.03.09-12.47.31:581][  0]LogConfig: Setting CVar [[r.Tonemapper.Quality:5]]
[2020.03.09-12.47.31:582][  0]LogConfig: Setting CVar [[r.DOF.Gather.AccumulatorQuality:1        ; higher gathering accumulator quality]]
[2020.03.09-12.47.31:582][  0]LogConfig: Setting CVar [[r.DOF.Gather.PostfilterMethod:1          ; Median3x3 postfilering method]]
[2020.03.09-12.47.31:582][  0]LogConfig: Setting CVar [[r.DOF.Gather.EnableBokehSettings:0       ; no bokeh simulation when gathering]]
[2020.03.09-12.47.31:582][  0]LogConfig: Setting CVar [[r.DOF.Gather.RingCount:4                 ; medium number of samples when gathering]]
[2020.03.09-12.47.31:582][  0]LogConfig: Setting CVar [[r.DOF.Scatter.ForegroundCompositing:1    ; additive foreground scattering]]
[2020.03.09-12.47.31:582][  0]LogConfig: Setting CVar [[r.DOF.Scatter.BackgroundCompositing:2    ; additive background scattering]]
[2020.03.09-12.47.31:582][  0]LogConfig: Setting CVar [[r.DOF.Scatter.EnableBokehSettings:1      ; bokeh simulation when scattering]]
[2020.03.09-12.47.31:582][  0]LogConfig: Setting CVar [[r.DOF.Scatter.MaxSpriteRatio:0.1         ; only a maximum of 10% of scattered bokeh]]
[2020.03.09-12.47.31:582][  0]LogConfig: Setting CVar [[r.DOF.Recombine.Quality:1                ; cheap slight out of focus]]
[2020.03.09-12.47.31:582][  0]LogConfig: Setting CVar [[r.DOF.Recombine.EnableBokehSettings:0    ; no bokeh simulation on slight out of focus]]
[2020.03.09-12.47.31:582][  0]LogConfig: Setting CVar [[r.DOF.TemporalAAQuality:1                ; more stable temporal accumulation]]
[2020.03.09-12.47.31:582][  0]LogConfig: Setting CVar [[r.DOF.Kernel.MaxForegroundRadius:0.025]]
[2020.03.09-12.47.31:582][  0]LogConfig: Setting CVar [[r.DOF.Kernel.MaxBackgroundRadius:0.025]]
[2020.03.09-12.47.31:582][  0]LogConfig: Applying CVar settings from Section [TextureQuality@3] File [D:/1802451/ProjectMock/Saved/Config/Windows/Scalability.ini]
[2020.03.09-12.47.31:582][  0]LogConfig: Setting CVar [[r.Streaming.MipBias:0]]
[2020.03.09-12.47.31:582][  0]LogConfig: Setting CVar [[r.Streaming.AmortizeCPUToGPUCopy:0]]
[2020.03.09-12.47.31:582][  0]LogConfig: Setting CVar [[r.Streaming.MaxNumTexturesToStreamPerFrame:0]]
[2020.03.09-12.47.31:582][  0]LogConfig: Setting CVar [[r.Streaming.Boost:1]]
[2020.03.09-12.47.31:582][  0]LogConfig: Setting CVar [[r.MaxAnisotropy:8]]
[2020.03.09-12.47.31:582][  0]LogConfig: Setting CVar [[r.Streaming.LimitPoolSizeToVRAM:0]]
[2020.03.09-12.47.31:582][  0]LogConfig: Setting CVar [[r.Streaming.PoolSize:1000]]
[2020.03.09-12.47.31:582][  0]LogConfig: Setting CVar [[r.Streaming.MaxEffectiveScreenSize:0]]
[2020.03.09-12.47.31:582][  0]LogConfig: Applying CVar settings from Section [EffectsQuality@3] File [D:/1802451/ProjectMock/Saved/Config/Windows/Scalability.ini]
[2020.03.09-12.47.31:582][  0]LogConfig: Setting CVar [[r.TranslucencyLightingVolumeDim:64]]
[2020.03.09-12.47.31:582][  0]LogConfig: Setting CVar [[r.RefractionQuality:2]]
[2020.03.09-12.47.31:582][  0]LogConfig: Setting CVar [[r.SSR.Quality:3]]
[2020.03.09-12.47.31:582][  0]LogConfig: Setting CVar [[r.SceneColorFormat:4]]
[2020.03.09-12.47.31:582][  0]LogConfig: Setting CVar [[r.DetailMode:2]]
[2020.03.09-12.47.31:583][  0]LogConfig: Setting CVar [[r.TranslucencyVolumeBlur:1]]
[2020.03.09-12.47.31:583][  0]LogConfig: Setting CVar [[r.MaterialQualityLevel:1 ; High quality]]
[2020.03.09-12.47.31:583][  0]LogConfig: Setting CVar [[r.SSS.Scale:1]]
[2020.03.09-12.47.31:583][  0]LogConfig: Setting CVar [[r.SSS.SampleSet:2]]
[2020.03.09-12.47.31:583][  0]LogConfig: Setting CVar [[r.SSS.Quality:1]]
[2020.03.09-12.47.31:583][  0]LogConfig: Setting CVar [[r.SSS.HalfRes:1]]
[2020.03.09-12.47.31:583][  0]LogConfig: Setting CVar [[r.EmitterSpawnRateScale:1.0]]
[2020.03.09-12.47.31:583][  0]LogConfig: Setting CVar [[r.ParticleLightQuality:2]]
[2020.03.09-12.47.31:583][  0]LogConfig: Applying CVar settings from Section [FoliageQuality@3] File [D:/1802451/ProjectMock/Saved/Config/Windows/Scalability.ini]
[2020.03.09-12.47.31:583][  0]LogConfig: Setting CVar [[foliage.DensityScale:1.0]]
[2020.03.09-12.47.31:583][  0]LogConfig: Setting CVar [[grass.DensityScale:1.0]]
[2020.03.09-12.47.31:583][  0]LogInit: Selected Device Profile: [Windows]
[2020.03.09-12.47.31:583][  0]LogInit: Applying CVar settings loaded from the selected device profile: [Windows]
[2020.03.09-12.47.31:592][  0]LogHAL: Display: Platform has ~ 32 GB [34278051840 / 34359738368 / 32], which maps to Largest [LargestMinGB=32, LargerMinGB=12, DefaultMinGB=8, SmallerMinGB=6, SmallestMinGB=0)
[2020.03.09-12.47.31:592][  0]LogInit: Going up to parent DeviceProfile []
[2020.03.09-12.47.31:592][  0]LogConfig: Applying CVar settings from Section [ViewDistanceQuality@3] File [D:/1802451/ProjectMock/Saved/Config/Windows/Scalability.ini]
[2020.03.09-12.47.31:592][  0]LogConfig: Setting CVar [[r.SkeletalMeshLODBias:0]]
[2020.03.09-12.47.31:592][  0]LogConfig: Setting CVar [[r.ViewDistanceScale:1.0]]
[2020.03.09-12.47.31:592][  0]LogConfig: Applying CVar settings from Section [AntiAliasingQuality@3] File [D:/1802451/ProjectMock/Saved/Config/Windows/Scalability.ini]
[2020.03.09-12.47.31:592][  0]LogConfig: Setting CVar [[r.PostProcessAAQuality:4]]
[2020.03.09-12.47.31:592][  0]LogConfig: Applying CVar settings from Section [ShadowQuality@3] File [D:/1802451/ProjectMock/Saved/Config/Windows/Scalability.ini]
[2020.03.09-12.47.31:592][  0]LogConfig: Setting CVar [[r.LightFunctionQuality:1]]
[2020.03.09-12.47.31:592][  0]LogConfig: Setting CVar [[r.ShadowQuality:5]]
[2020.03.09-12.47.31:592][  0]LogConfig: Setting CVar [[r.Shadow.CSM.MaxCascades:10]]
[2020.03.09-12.47.31:592][  0]LogConfig: Setting CVar [[r.Shadow.MaxResolution:2048]]
[2020.03.09-12.47.31:592][  0]LogConfig: Setting CVar [[r.Shadow.MaxCSMResolution:2048]]
[2020.03.09-12.47.31:592][  0]LogConfig: Setting CVar [[r.Shadow.RadiusThreshold:0.01]]
[2020.03.09-12.47.31:592][  0]LogConfig: Setting CVar [[r.Shadow.DistanceScale:1.0]]
[2020.03.09-12.47.31:592][  0]LogConfig: Setting CVar [[r.Shadow.CSM.TransitionScale:1.0]]
[2020.03.09-12.47.31:592][  0]LogConfig: Setting CVar [[r.Shadow.PreShadowResolutionFactor:1.0]]
[2020.03.09-12.47.31:592][  0]LogConfig: Setting CVar [[r.DistanceFieldShadowing:1]]
[2020.03.09-12.47.31:592][  0]LogConfig: Setting CVar [[r.DistanceFieldAO:1]]
[2020.03.09-12.47.31:592][  0]LogConfig: Setting CVar [[r.AOQuality:2]]
[2020.03.09-12.47.31:592][  0]LogConfig: Setting CVar [[r.VolumetricFog:1]]
[2020.03.09-12.47.31:592][  0]LogConfig: Setting CVar [[r.VolumetricFog.GridPixelSize:8]]
[2020.03.09-12.47.31:592][  0]LogConfig: Setting CVar [[r.VolumetricFog.GridSizeZ:128]]
[2020.03.09-12.47.31:592][  0]LogConfig: Setting CVar [[r.VolumetricFog.HistoryMissSupersampleCount:4]]
[2020.03.09-12.47.31:592][  0]LogConfig: Setting CVar [[r.LightMaxDrawDistanceScale:1]]
[2020.03.09-12.47.31:592][  0]LogConfig: Setting CVar [[r.CapsuleShadows:1]]
[2020.03.09-12.47.31:592][  0]LogConfig: Applying CVar settings from Section [PostProcessQuality@3] File [D:/1802451/ProjectMock/Saved/Config/Windows/Scalability.ini]
[2020.03.09-12.47.31:592][  0]LogConfig: Setting CVar [[r.MotionBlurQuality:4]]
[2020.03.09-12.47.31:592][  0]LogConfig: Setting CVar [[r.AmbientOcclusionMipLevelFactor:0.4]]
[2020.03.09-12.47.31:592][  0]LogConfig: Setting CVar [[r.AmbientOcclusionMaxQuality:100]]
[2020.03.09-12.47.31:592][  0]LogConfig: Setting CVar [[r.AmbientOcclusionLevels:-1]]
[2020.03.09-12.47.31:592][  0]LogConfig: Setting CVar [[r.AmbientOcclusionRadiusScale:1.0]]
[2020.03.09-12.47.31:592][  0]LogConfig: Setting CVar [[r.DepthOfFieldQuality:2]]
[2020.03.09-12.47.31:592][  0]LogConfig: Setting CVar [[r.RenderTargetPoolMin:400]]
[2020.03.09-12.47.31:592][  0]LogConfig: Setting CVar [[r.LensFlareQuality:2]]
[2020.03.09-12.47.31:592][  0]LogConfig: Setting CVar [[r.SceneColorFringeQuality:1]]
[2020.03.09-12.47.31:592][  0]LogConfig: Setting CVar [[r.EyeAdaptationQuality:2]]
[2020.03.09-12.47.31:592][  0]LogConfig: Setting CVar [[r.BloomQuality:5]]
[2020.03.09-12.47.31:592][  0]LogConfig: Setting CVar [[r.FastBlurThreshold:100]]
[2020.03.09-12.47.31:592][  0]LogConfig: Setting CVar [[r.Upscale.Quality:3]]
[2020.03.09-12.47.31:592][  0]LogConfig: Setting CVar [[r.Tonemapper.GrainQuantization:1]]
[2020.03.09-12.47.31:592][  0]LogConfig: Setting CVar [[r.LightShaftQuality:1]]
[2020.03.09-12.47.31:592][  0]LogConfig: Setting CVar [[r.Filter.SizeScale:1]]
[2020.03.09-12.47.31:592][  0]LogConfig: Setting CVar [[r.Tonemapper.Quality:5]]
[2020.03.09-12.47.31:592][  0]LogConfig: Setting CVar [[r.DOF.Gather.AccumulatorQuality:1        ; higher gathering accumulator quality]]
[2020.03.09-12.47.31:592][  0]LogConfig: Setting CVar [[r.DOF.Gather.PostfilterMethod:1          ; Median3x3 postfilering method]]
[2020.03.09-12.47.31:593][  0]LogConfig: Setting CVar [[r.DOF.Gather.EnableBokehSettings:0       ; no bokeh simulation when gathering]]
[2020.03.09-12.47.31:593][  0]LogConfig: Setting CVar [[r.DOF.Gather.RingCount:4                 ; medium number of samples when gathering]]
[2020.03.09-12.47.31:593][  0]LogConfig: Setting CVar [[r.DOF.Scatter.ForegroundCompositing:1    ; additive foreground scattering]]
[2020.03.09-12.47.31:593][  0]LogConfig: Setting CVar [[r.DOF.Scatter.BackgroundCompositing:2    ; additive background scattering]]
[2020.03.09-12.47.31:593][  0]LogConfig: Setting CVar [[r.DOF.Scatter.EnableBokehSettings:1      ; bokeh simulation when scattering]]
[2020.03.09-12.47.31:593][  0]LogConfig: Setting CVar [[r.DOF.Scatter.MaxSpriteRatio:0.1         ; only a maximum of 10% of scattered bokeh]]
[2020.03.09-12.47.31:593][  0]LogConfig: Setting CVar [[r.DOF.Recombine.Quality:1                ; cheap slight out of focus]]
[2020.03.09-12.47.31:593][  0]LogConfig: Setting CVar [[r.DOF.Recombine.EnableBokehSettings:0    ; no bokeh simulation on slight out of focus]]
[2020.03.09-12.47.31:593][  0]LogConfig: Setting CVar [[r.DOF.TemporalAAQuality:1                ; more stable temporal accumulation]]
[2020.03.09-12.47.31:593][  0]LogConfig: Setting CVar [[r.DOF.Kernel.MaxForegroundRadius:0.025]]
[2020.03.09-12.47.31:593][  0]LogConfig: Setting CVar [[r.DOF.Kernel.MaxBackgroundRadius:0.025]]
[2020.03.09-12.47.31:593][  0]LogConfig: Applying CVar settings from Section [TextureQuality@3] File [D:/1802451/ProjectMock/Saved/Config/Windows/Scalability.ini]
[2020.03.09-12.47.31:593][  0]LogConfig: Setting CVar [[r.Streaming.MipBias:0]]
[2020.03.09-12.47.31:593][  0]LogConfig: Setting CVar [[r.Streaming.AmortizeCPUToGPUCopy:0]]
[2020.03.09-12.47.31:593][  0]LogConfig: Setting CVar [[r.Streaming.MaxNumTexturesToStreamPerFrame:0]]
[2020.03.09-12.47.31:593][  0]LogConfig: Setting CVar [[r.Streaming.Boost:1]]
[2020.03.09-12.47.31:593][  0]LogConfig: Setting CVar [[r.MaxAnisotropy:8]]
[2020.03.09-12.47.31:593][  0]LogConfig: Setting CVar [[r.Streaming.LimitPoolSizeToVRAM:0]]
[2020.03.09-12.47.31:593][  0]LogConfig: Setting CVar [[r.Streaming.PoolSize:1000]]
[2020.03.09-12.47.31:593][  0]LogConfig: Setting CVar [[r.Streaming.MaxEffectiveScreenSize:0]]
[2020.03.09-12.47.31:593][  0]LogConfig: Applying CVar settings from Section [EffectsQuality@3] File [D:/1802451/ProjectMock/Saved/Config/Windows/Scalability.ini]
[2020.03.09-12.47.31:593][  0]LogConfig: Setting CVar [[r.TranslucencyLightingVolumeDim:64]]
[2020.03.09-12.47.31:593][  0]LogConfig: Setting CVar [[r.RefractionQuality:2]]
[2020.03.09-12.47.31:593][  0]LogConfig: Setting CVar [[r.SSR.Quality:3]]
[2020.03.09-12.47.31:593][  0]LogConfig: Setting CVar [[r.SceneColorFormat:4]]
[2020.03.09-12.47.31:593][  0]LogConfig: Setting CVar [[r.DetailMode:2]]
[2020.03.09-12.47.31:593][  0]LogConfig: Setting CVar [[r.TranslucencyVolumeBlur:1]]
[2020.03.09-12.47.31:593][  0]LogConfig: Setting CVar [[r.MaterialQualityLevel:1 ; High quality]]
[2020.03.09-12.47.31:593][  0]LogConfig: Setting CVar [[r.SSS.Scale:1]]
[2020.03.09-12.47.31:593][  0]LogConfig: Setting CVar [[r.SSS.SampleSet:2]]
[2020.03.09-12.47.31:593][  0]LogConfig: Setting CVar [[r.SSS.Quality:1]]
[2020.03.09-12.47.31:593][  0]LogConfig: Setting CVar [[r.SSS.HalfRes:1]]
[2020.03.09-12.47.31:593][  0]LogConfig: Setting CVar [[r.EmitterSpawnRateScale:1.0]]
[2020.03.09-12.47.31:593][  0]LogConfig: Setting CVar [[r.ParticleLightQuality:2]]
[2020.03.09-12.47.31:593][  0]LogConfig: Applying CVar settings from Section [FoliageQuality@3] File [D:/1802451/ProjectMock/Saved/Config/Windows/Scalability.ini]
[2020.03.09-12.47.31:593][  0]LogConfig: Setting CVar [[foliage.DensityScale:1.0]]
[2020.03.09-12.47.31:593][  0]LogConfig: Setting CVar [[grass.DensityScale:1.0]]
[2020.03.09-12.47.31:593][  0]LogConfig: Applying CVar settings from Section [Startup] File [../../../Engine/Config/ConsoleVariables.ini]
[2020.03.09-12.47.31:594][  0]LogConfig: Setting CVar [[net.UseAdaptiveNetUpdateFrequency:0]]
[2020.03.09-12.47.31:594][  0]LogConfig: Setting CVar [[p.chaos.AllowCreatePhysxBodies:1]]
[2020.03.09-12.47.31:594][  0]LogConfig: Applying CVar settings from Section [ConsoleVariables] File [D:/1802451/ProjectMock/Saved/Config/Windows/Engine.ini]
[2020.03.09-12.47.31:594][  0]LogInit: Computer: C-02494
[2020.03.09-12.47.31:594][  0]LogInit: User: 1802451
[2020.03.09-12.47.31:594][  0]LogInit: CPU Page size=4096, Cores=6
[2020.03.09-12.47.31:594][  0]LogInit: High frequency timer resolution =10.000000 MHz
[2020.03.09-12.47.31:594][  0]LogMemory: Memory total: Physical=31.9GB (32GB approx)
[2020.03.09-12.47.31:594][  0]LogMemory: Platform Memory Stats for Windows
[2020.03.09-12.47.31:594][  0]LogMemory: Process Physical Memory: 102.41 MB used, 102.41 MB peak
[2020.03.09-12.47.31:594][  0]LogMemory: Process Virtual Memory: 101.52 MB used, 101.52 MB peak
[2020.03.09-12.47.31:594][  0]LogMemory: Physical Memory: 10190.73 MB used,  22499.37 MB free, 32690.10 MB total
[2020.03.09-12.47.31:594][  0]LogMemory: Virtual Memory: 4687.60 MB used,  134213040.00 MB free, 134217728.00 MB total
[2020.03.09-12.47.31:598][  0]LogWindows: WindowsPlatformFeatures enabled
[2020.03.09-12.47.31:641][  0]LogInit: Using OS detected language (en-GB).
[2020.03.09-12.47.31:641][  0]LogInit: Using OS detected locale (en-GB).
[2020.03.09-12.47.31:642][  0]LogTextLocalizationManager: No specific localization for 'en-GB' exists, so the 'en' localization will be used.
[2020.03.09-12.47.31:900][  0]LogInit: Setting process to per monitor DPI aware
[2020.03.09-12.47.31:953][  0]LogSlate: New Slate User Created.  User Index 0, Is Virtual User: 0
[2020.03.09-12.47.31:953][  0]LogSlate: Slate User Registered.  User Index 0, Is Virtual User: 0
[2020.03.09-12.47.32:510][  0]LogHMD: Failed to initialize OpenVR with code 110
[2020.03.09-12.47.32:510][  0]LogD3D11RHI: D3D11 adapters:
[2020.03.09-12.47.32:636][  0]LogD3D11RHI:    0. 'NVIDIA GeForce GTX 1080' (Feature Level 11_0)
[2020.03.09-12.47.32:636][  0]LogD3D11RHI:       8079/0/16345 MB DedicatedVideo/DedicatedSystem/SharedSystem, Outputs:1, VendorId:0x10de
[2020.03.09-12.47.32:644][  0]LogD3D11RHI:    1. 'Microsoft Basic Render Driver' (Feature Level 11_0)
[2020.03.09-12.47.32:644][  0]LogD3D11RHI:       0/0/16345 MB DedicatedVideo/DedicatedSystem/SharedSystem, Outputs:0, VendorId:0x1414
[2020.03.09-12.47.32:644][  0]LogD3D11RHI: Chosen D3D11 Adapter: 0
[2020.03.09-12.47.32:654][  0]LogD3D11RHI: Creating new Direct3DDevice
[2020.03.09-12.47.32:654][  0]LogD3D11RHI:     GPU DeviceId: 0x1b80 (for the marketing name, search the web for "GPU Device Id")
[2020.03.09-12.47.32:654][  0]LogWindows: EnumDisplayDevices:
[2020.03.09-12.47.32:654][  0]LogWindows:    0. 'NVIDIA GeForce GTX 1080' (P:1 D:1)
[2020.03.09-12.47.32:655][  0]LogWindows:    1. 'NVIDIA GeForce GTX 1080' (P:0 D:0)
[2020.03.09-12.47.32:655][  0]LogWindows:    2. 'NVIDIA GeForce GTX 1080' (P:0 D:0)
[2020.03.09-12.47.32:656][  0]LogWindows:    3. 'NVIDIA GeForce GTX 1080' (P:0 D:0)
[2020.03.09-12.47.32:657][  0]LogWindows: DebugString: FoundDriverCount:4 
[2020.03.09-12.47.32:657][  0]LogD3D11RHI:     Adapter Name: NVIDIA GeForce GTX 1080
[2020.03.09-12.47.32:657][  0]LogD3D11RHI:   Driver Version: 431.60 (internal:26.21.14.3160, unified:431.60)
[2020.03.09-12.47.32:657][  0]LogD3D11RHI:      Driver Date: 7-17-2019
[2020.03.09-12.47.32:657][  0]LogRHI: Texture pool is 5655 MB (70% of 8079 MB)
[2020.03.09-12.47.32:719][  0]LogD3D11RHI: Async texture creation enabled
[2020.03.09-12.47.32:735][  0]LogD3D11RHI: GPU Timing Frequency: 1000.000000 (Debug: 2 1)
[2020.03.09-12.47.33:254][  0]LogTemp: Display: Module 'AllDesktopTargetPlatform' loaded TargetPlatform 'AllDesktop'
[2020.03.09-12.47.33:268][  0]LogTemp: Display: Module 'MacClientTargetPlatform' loaded TargetPlatform 'MacClient'
[2020.03.09-12.47.33:281][  0]LogTemp: Display: Module 'MacNoEditorTargetPlatform' loaded TargetPlatform 'MacNoEditor'
[2020.03.09-12.47.33:291][  0]LogTemp: Display: Module 'MacServerTargetPlatform' loaded TargetPlatform 'MacServer'
[2020.03.09-12.47.33:302][  0]LogTemp: Display: Module 'MacTargetPlatform' loaded TargetPlatform 'Mac'
[2020.03.09-12.47.33:313][  0]LogTemp: Display: Module 'WindowsClientTargetPlatform' loaded TargetPlatform 'WindowsClient'
[2020.03.09-12.47.33:323][  0]LogTemp: Display: Module 'WindowsNoEditorTargetPlatform' loaded TargetPlatform 'WindowsNoEditor'
[2020.03.09-12.47.33:333][  0]LogTemp: Display: Module 'WindowsServerTargetPlatform' loaded TargetPlatform 'WindowsServer'
[2020.03.09-12.47.33:339][  0]LogTemp: Display: Module 'WindowsTargetPlatform' loaded TargetPlatform 'Windows'
[2020.03.09-12.47.33:375][  0]LogTemp: Display: Module 'AndroidTargetPlatform' loaded TargetPlatform 'Android'
[2020.03.09-12.47.33:375][  0]LogTemp: Display: Module 'AndroidTargetPlatform' loaded TargetPlatform 'Android_ASTC'
[2020.03.09-12.47.33:375][  0]LogTemp: Display: Module 'AndroidTargetPlatform' loaded TargetPlatform 'Android_ATC'
[2020.03.09-12.47.33:375][  0]LogTemp: Display: Module 'AndroidTargetPlatform' loaded TargetPlatform 'Android_DXT'
[2020.03.09-12.47.33:375][  0]LogTemp: Display: Module 'AndroidTargetPlatform' loaded TargetPlatform 'Android_ETC1'
[2020.03.09-12.47.33:375][  0]LogTemp: Display: Module 'AndroidTargetPlatform' loaded TargetPlatform 'Android_ETC1a'
[2020.03.09-12.47.33:375][  0]LogTemp: Display: Module 'AndroidTargetPlatform' loaded TargetPlatform 'Android_ETC2'
[2020.03.09-12.47.33:375][  0]LogTemp: Display: Module 'AndroidTargetPlatform' loaded TargetPlatform 'Android_PVRTC'
[2020.03.09-12.47.33:375][  0]LogTemp: Display: Module 'AndroidTargetPlatform' loaded TargetPlatform 'AndroidClient'
[2020.03.09-12.47.33:375][  0]LogTemp: Display: Module 'AndroidTargetPlatform' loaded TargetPlatform 'Android_ASTCClient'
[2020.03.09-12.47.33:375][  0]LogTemp: Display: Module 'AndroidTargetPlatform' loaded TargetPlatform 'Android_ATCClient'
[2020.03.09-12.47.33:375][  0]LogTemp: Display: Module 'AndroidTargetPlatform' loaded TargetPlatform 'Android_DXTClient'
[2020.03.09-12.47.33:375][  0]LogTemp: Display: Module 'AndroidTargetPlatform' loaded TargetPlatform 'Android_ETC1Client'
[2020.03.09-12.47.33:375][  0]LogTemp: Display: Module 'AndroidTargetPlatform' loaded TargetPlatform 'Android_ETC1aClient'
[2020.03.09-12.47.33:375][  0]LogTemp: Display: Module 'AndroidTargetPlatform' loaded TargetPlatform 'Android_ETC2Client'
[2020.03.09-12.47.33:375][  0]LogTemp: Display: Module 'AndroidTargetPlatform' loaded TargetPlatform 'Android_PVRTCClient'
[2020.03.09-12.47.33:375][  0]LogTemp: Display: Module 'AndroidTargetPlatform' loaded TargetPlatform 'Android_Multi'
[2020.03.09-12.47.33:375][  0]LogTemp: Display: Module 'AndroidTargetPlatform' loaded TargetPlatform 'Android_MultiClient'
[2020.03.09-12.47.33:378][  0]LogTemp: Display: Module 'HTML5TargetPlatform' loaded TargetPlatform 'HTML5'
[2020.03.09-12.47.33:401][  0]LogTemp: Display: Module 'IOSTargetPlatform' loaded TargetPlatform 'IOSClient'
[2020.03.09-12.47.33:401][  0]LogTemp: Display: Module 'IOSTargetPlatform' loaded TargetPlatform 'IOS'
[2020.03.09-12.47.33:419][  0]LogTemp: Display: Module 'TVOSTargetPlatform' loaded TargetPlatform 'TVOSClient'
[2020.03.09-12.47.33:419][  0]LogTemp: Display: Module 'TVOSTargetPlatform' loaded TargetPlatform 'TVOS'
[2020.03.09-12.47.33:428][  0]LogTemp: Display: Module 'LinuxClientTargetPlatform' loaded TargetPlatform 'LinuxClient'
[2020.03.09-12.47.33:437][  0]LogTemp: Display: Module 'LinuxNoEditorTargetPlatform' loaded TargetPlatform 'LinuxNoEditor'
[2020.03.09-12.47.33:445][  0]LogTemp: Display: Module 'LinuxServerTargetPlatform' loaded TargetPlatform 'LinuxServer'
[2020.03.09-12.47.33:455][  0]LogTemp: Display: Module 'LinuxTargetPlatform' loaded TargetPlatform 'Linux'
[2020.03.09-12.47.33:489][  0]LogTemp: Display: Module 'LuminTargetPlatform' loaded TargetPlatform 'Lumin'
[2020.03.09-12.47.33:489][  0]LogTemp: Display: Module 'LuminTargetPlatform' loaded TargetPlatform 'LuminClient'
[2020.03.09-12.47.33:489][  0]LogTargetPlatformManager: Display: Building Assets For Windows
[2020.03.09-12.47.33:503][  0]LogAudioDebug: Display: Lib vorbis DLL was dynamically loaded.
[2020.03.09-12.47.33:574][  0]LogShaderCompilers: Guid format shader working directory is 25 characters bigger than the processId version (D:/1802451/ProjectMock/Intermediate/Shaders/WorkingDirectory/12472/).
[2020.03.09-12.47.33:575][  0]LogShaderCompilers: Cleaned the shader compiler working directory 'C:/Users/1802451/AppData/Local/Temp/UnrealShaderWorkingDir/D9D76A844DD2243C9957C1AC68525377/'.
[2020.03.09-12.47.33:578][  0]LogXGEController: Cannot use XGE Controller as Incredibuild is not installed on this machine.
[2020.03.09-12.47.33:578][  0]LogShaderCompilers: Cannot use XGE Shader Compiler as Incredibuild is not installed on this machine.
[2020.03.09-12.47.33:578][  0]LogShaderCompilers: Display: Using Local Shader Compiler.
[2020.03.09-12.47.34:483][  0]LogDerivedDataCache: Display: Max Cache Size: 512 MB
[2020.03.09-12.47.34:555][  0]LogDerivedDataCache: Loaded boot cache 0.07s 74MB C:/Users/1802451/AppData/Local/UnrealEngine/4.23/DerivedDataCache/Boot.ddc.
[2020.03.09-12.47.34:555][  0]LogDerivedDataCache: Display: Loaded Boot cache: C:/Users/1802451/AppData/Local/UnrealEngine/4.23/DerivedDataCache/Boot.ddc
[2020.03.09-12.47.34:555][  0]LogDerivedDataCache: FDerivedDataBackendGraph:  Pak pak cache file D:/1802451/ProjectMock/DerivedDataCache/DDC.ddp not found, will not use a pak cache.
[2020.03.09-12.47.34:555][  0]LogDerivedDataCache: Unable to find inner node Pak for hierarchical cache Hierarchy.
[2020.03.09-12.47.34:555][  0]LogDerivedDataCache: FDerivedDataBackendGraph:  CompressedPak pak cache file D:/1802451/ProjectMock/DerivedDataCache/Compressed.ddp not found, will not use a pak cache.
[2020.03.09-12.47.34:555][  0]LogDerivedDataCache: Unable to find inner node CompressedPak for hierarchical cache Hierarchy.
[2020.03.09-12.47.34:566][  0]LogDerivedDataCache: Display: Pak cache opened for reading ../../../Engine/DerivedDataCache/Compressed.ddp.
[2020.03.09-12.47.34:566][  0]LogDerivedDataCache: FDerivedDataBackendGraph:  EnterprisePak pak cache file ../../../Enterprise/DerivedDataCache/Compressed.ddp not found, will not use a pak cache.
[2020.03.09-12.47.34:567][  0]LogDerivedDataCache: Unable to find inner node EnterprisePak for hierarchical cache Hierarchy.
[2020.03.09-12.47.34:572][  0]LogDerivedDataCache: Using Local data cache path C:/Users/1802451/AppData/Local/UnrealEngine/Common/DerivedDataCache: Writable
[2020.03.09-12.47.34:572][  0]LogDerivedDataCache: Shared data cache path not found in *engine.ini, will not use an Shared cache.
[2020.03.09-12.47.34:572][  0]LogDerivedDataCache: Unable to find inner node Shared for hierarchical cache Hierarchy.
[2020.03.09-12.47.34:607][  0]LogMaterial: Verifying Global Shaders for PCD3D_SM5
[2020.03.09-12.47.34:610][  0]LogSlate: Using FreeType 2.6.0
[2020.03.09-12.47.34:611][  0]LogSlate: SlateFontServices - WITH_FREETYPE: 1, WITH_HARFBUZZ: 1
[2020.03.09-12.47.34:758][  0]LogAssetRegistry: FAssetRegistry took 0.0039 seconds to start up
[2020.03.09-12.47.35:116][  0]LogInit: Selected Device Profile: [Windows]
[2020.03.09-12.47.35:302][  0]LogMeshReduction: Using QuadricMeshReduction for automatic static mesh reduction
[2020.03.09-12.47.35:302][  0]LogMeshReduction: Using SimplygonMeshReduction for automatic skeletal mesh reduction
[2020.03.09-12.47.35:302][  0]LogMeshReduction: Using ProxyLODMeshReduction for automatic mesh merging
[2020.03.09-12.47.35:302][  0]LogMeshReduction: No distributed automatic mesh merging module available
[2020.03.09-12.47.35:302][  0]LogMeshMerging: No distributed automatic mesh merging module available
[2020.03.09-12.47.35:317][  0]LogNetVersion: ProjectMock 1.0.0, NetCL: 8386587, EngineNetVer: 11, GameNetVer: 0 (Checksum: 3356375341)
[2020.03.09-12.47.35:871][  0]LogPackageLocalizationCache: Processed 12 localized package path(s) for 1 prioritized culture(s) in 0.050912 seconds
[2020.03.09-12.47.35:877][  0]LogUObjectArray: 43444 objects as part of root set at end of initial load.
[2020.03.09-12.47.35:877][  0]LogUObjectAllocator: 7548648 out of 0 bytes used by permanent object pool.
[2020.03.09-12.47.35:877][  0]LogUObjectArray: CloseDisregardForGC: 0/0 objects in disregard for GC pool
[2020.03.09-12.47.37:661][  0]LogTcpMessaging: Initializing TcpMessaging bridge
[2020.03.09-12.47.37:736][  0]LogUdpMessaging: Initializing bridge on interface 0.0.0.0:0 to multicast group 230.0.0.1:6666.
[2020.03.09-12.47.37:816][  0]SourceControl: Source control is disabled
[2020.03.09-12.47.37:816][  0]SourceControl: Source control is disabled
[2020.03.09-12.47.37:822][  0]SourceControl: Source control is disabled
[2020.03.09-12.47.37:826][  0]SourceControl: Source control is disabled
[2020.03.09-12.47.37:993][  0]LogAndroidPermission: UAndroidPermissionCallbackProxy::GetInstance
[2020.03.09-12.47.38:208][  0]LogOcInput: OculusInput pre-init called
[2020.03.09-12.47.38:218][  0]LogWindows: Failed to load 'OVRPlugin.dll' (GetLastError=126)
[2020.03.09-12.47.38:218][  0]LogWindows: File 'OVRPlugin.dll' does not exist
[2020.03.09-12.47.38:295][  0]LogEngine: Initializing Engine...
[2020.03.09-12.47.38:296][  0]LogHMD: Failed to initialize OpenVR with code 110
[2020.03.09-12.47.38:297][  0]LogStats: UGameplayTagsManager::InitializeManager -  0.000 s
[2020.03.09-12.47.38:606][  0]LogInit: Initializing FReadOnlyCVARCache
[2020.03.09-12.47.38:624][  0]LogAIModule: Creating AISystem for world Untitled
[2020.03.09-12.47.38:762][  0]LogInit: XAudio2 using 'Speakers / Headphones (Realtek Audio)' : 2 channels at 48 kHz using 32 bits per sample (channel mask 0x3)
[2020.03.09-12.47.38:834][  0]LogInit: FAudioDevice initialized.
[2020.03.09-12.47.38:835][  0]LogNetVersion: Set ProjectVersion to 1.0.0.0. Version Checksum will be recalculated on next use.
[2020.03.09-12.47.38:939][  0]LogDerivedDataCache: Saved boot cache 0.10s 74MB C:/Users/1802451/AppData/Local/UnrealEngine/4.23/DerivedDataCache/Boot.ddc.
[2020.03.09-12.47.38:952][  0]LogInit: Texture streaming: Enabled
[2020.03.09-12.47.39:002][  0]LogEngineSessionManager: EngineSessionManager initialized
[2020.03.09-12.47.39:044][  0]LogInit: Transaction tracking system initialized
[2020.03.09-12.47.39:084][  0]BlueprintLog: New page: Editor Load
[2020.03.09-12.47.39:188][  0]LocalizationService: Localization service is disabled
[2020.03.09-12.47.39:585][  0]LogFileCache: Scanning file cache for directory 'D:/1802451/ProjectMock/Content/' took 0.01s
[2020.03.09-12.47.39:586][  0]LogCook: Display: Max memory allowance for cook 16384mb min free memory 0mb
[2020.03.09-12.47.39:586][  0]LogCook: Display: Mobile HDR setting 1
[2020.03.09-12.47.39:937][  0]SourceControl: Source control is disabled
[2020.03.09-12.47.39:937][  0]Cmd: MAP LOAD FILE="D:/1802451/ProjectMock/Content/ThirdPersonBP/Maps/ThirdPersonExampleMap.umap" TEMPLATE=0 SHOWPROGRESS=1 FEATURELEVEL=3
[2020.03.09-12.47.39:938][  0]LightingResults: New page: Lighting Build
[2020.03.09-12.47.39:941][  0]LogWorld: UWorld::CleanupWorld for Untitled, bSessionEnded=true, bCleanupResources=true
[2020.03.09-12.47.39:941][  0]MapCheck: New page: Map Check
[2020.03.09-12.47.39:941][  0]LightingResults: New page: Lighting Build
[2020.03.09-12.47.39:976][  0]LogUObjectHash: Compacting FUObjectHashTables data took   1.65ms
[2020.03.09-12.47.40:384][  0]LogAIModule: Creating AISystem for world ThirdPersonExampleMap
[2020.03.09-12.47.40:392][  0]LogPhysics: Warning: PopulatePhysXGeometryAndTransform(Convex): ConvexElem has invalid transform
[2020.03.09-12.47.40:392][  0]LogPhysics: Warning: ForeachShape(Convex): ScaledElem[0] invalid
[2020.03.09-12.47.40:395][  0]LogPhysics: Warning: PopulatePhysXGeometryAndTransform(Convex): ConvexElem has invalid transform
[2020.03.09-12.47.40:395][  0]LogPhysics: Warning: ForeachShape(Convex): ScaledElem[0] invalid
[2020.03.09-12.47.40:396][  0]LogPhysics: Warning: PopulatePhysXGeometryAndTransform(Convex): ConvexElem has invalid transform
[2020.03.09-12.47.40:396][  0]LogPhysics: Warning: ForeachShape(Convex): ScaledElem[0] invalid
[2020.03.09-12.47.40:396][  0]LogPhysics: Warning: PopulatePhysXGeometryAndTransform(Convex): ConvexElem has invalid transform
[2020.03.09-12.47.40:396][  0]LogPhysics: Warning: ForeachShape(Convex): ScaledElem[0] invalid
[2020.03.09-12.47.40:398][  0]LogEditorServer: Finished looking for orphan Actors (0.000 secs)
[2020.03.09-12.47.40:436][  0]LogUObjectHash: Compacting FUObjectHashTables data took   2.28ms
[2020.03.09-12.47.40:436][  0]Cmd: MAP CHECKDEP NOCLEARLOG
[2020.03.09-12.47.40:436][  0]MapCheck: Map check complete: 0 Error(s), 0 Warning(s), took 0.098ms to complete.
[2020.03.09-12.47.40:436][  0]LogFileHelpers: Loading map 'ThirdPersonExampleMap' took 0.499
[2020.03.09-12.47.40:554][  0]LogSlate: Updating window title bar state: overlay mode, drag disabled, window buttons hidden, title bar hidden
[2020.03.09-12.47.40:566][  0]LogSlate: Updating window title bar state: overlay mode, drag disabled, window buttons hidden, title bar hidden
[2020.03.09-12.47.40:574][  0]LogSlate: Updating window title bar state: overlay mode, drag disabled, window buttons hidden, title bar hidden
[2020.03.09-12.47.40:581][  0]LogSlate: Updating window title bar state: overlay mode, drag disabled, window buttons hidden, title bar hidden
[2020.03.09-12.47.40:589][  0]LogCollectionManager: Loaded 0 collections in 0.002046 seconds
[2020.03.09-12.47.40:602][  0]LogFileCache: Scanning file cache for directory 'D:/1802451/ProjectMock/Saved/Collections/' took 0.00s
[2020.03.09-12.47.40:602][  0]LogFileCache: Scanning file cache for directory 'D:/1802451/ProjectMock/Content/Developers/1802451/Collections/' took 0.00s
[2020.03.09-12.47.40:602][  0]LogFileCache: Scanning file cache for directory 'D:/1802451/ProjectMock/Content/Collections/' took 0.00s
[2020.03.09-12.47.40:602][  0]LogCollectionManager: Rebuilt the GUID cache for 0 collections in 0.000001 seconds
[2020.03.09-12.47.40:611][  0]LogContentBrowser: Native class hierarchy populated in 0.0085 seconds. Added 2863 classes and 680 folders.
[2020.03.09-12.47.40:618][  0]LogContentBrowser: Native class hierarchy updated for 'WidgetCarousel' in 0.0003 seconds. Added 0 classes and 0 folders.
[2020.03.09-12.47.40:723][  0]LogContentBrowser: Native class hierarchy updated for 'AddContentDialog' in 0.0003 seconds. Added 0 classes and 0 folders.
[2020.03.09-12.47.40:809][  0]LogContentBrowser: Native class hierarchy updated for 'SceneOutliner' in 0.0003 seconds. Added 1 classes and 2 folders.
[2020.03.09-12.47.40:822][  0]LogSlate: Took 0.000483 seconds to synchronously load lazily loaded font '../../../Engine/Content/Slate/Fonts/Roboto-Regular.ttf' (155K)
[2020.03.09-12.47.40:824][  0]LogSlate: Took 0.000442 seconds to synchronously load lazily loaded font '../../../Engine/Content/Slate/Fonts/Roboto-Bold.ttf' (160K)
[2020.03.09-12.47.40:828][  0]LogSlate: Took 0.000489 seconds to synchronously load lazily loaded font '../../../Engine/Content/Editor/Slate/Fonts/FontAwesome.ttf' (139K)
[2020.03.09-12.47.40:897][  0]LogRenderer: Reallocating scene render targets to support 1616x808 Format 10 NumSamples 1 (Frame:1).
[2020.03.09-12.47.41:079][  0]LogSlate: FSceneViewport::OnFocusLost() reason 5
[2020.03.09-12.47.41:094][  0]LogSlate: Window 'Tutorials' being destroyed
[2020.03.09-12.47.41:109][  0]LogContentBrowser: Native class hierarchy updated for 'HierarchicalLODOutliner' in 0.0003 seconds. Added 0 classes and 0 folders.
[2020.03.09-12.47.41:109][  0]LogLoad: (Engine Initialization) Total time: 12.14 seconds
[2020.03.09-12.47.41:109][  0]LogLoad: (Engine Initialization) Total Blueprint compile time: 0.00 seconds
[2020.03.09-12.47.41:171][  0]LogContentStreaming: Texture pool size now 1000 MB
[2020.03.09-12.47.41:319][  7]LogAssetRegistry: Asset discovery search completed in 6.5635 seconds
[2020.03.09-12.47.41:322][  7]LogCollectionManager: Rebuilt the object cache for 0 collections in 0.000003 seconds (found 0 objects)
[2020.03.09-12.47.41:322][  7]LogCollectionManager: Fixed up redirectors for 0 collections in 0.000050 seconds (updated 0 objects)
[2020.03.09-12.47.45:152][221]LogSlate: FSceneViewport::OnFocusLost() reason 0
[2020.03.09-12.47.45:218][229]LogTemp: Repeating last play command: Selected Viewport
[2020.03.09-12.47.45:225][229]LogBlueprintUserMessages: Early PlayInEditor Detection: Level '/Game/ThirdPersonBP/Maps/ThirdPersonExampleMap.ThirdPersonExampleMap:PersistentLevel' has LevelScriptBlueprint '/Game/ThirdPersonBP/Maps/ThirdPersonExampleMap.ThirdPersonExampleMap:PersistentLevel.ThirdPersonExampleMap' with GeneratedClass '/Game/ThirdPersonBP/Maps/ThirdPersonExampleMap.ThirdPersonExampleMap_C' with ClassGeneratedBy '/Game/ThirdPersonBP/Maps/ThirdPersonExampleMap.ThirdPersonExampleMap:PersistentLevel.ThirdPersonExampleMap'
[2020.03.09-12.47.45:225][229]LogPlayLevel: PlayLevel: No blueprints needed recompiling
[2020.03.09-12.47.45:226][229]PIE: New page: PIE session: ThirdPersonExampleMap (9 Mar 2020 12:47:45)
[2020.03.09-12.47.45:227][229]LogOnline: OSS: Creating online subsystem instance for: NULL
[2020.03.09-12.47.45:228][229]LogPlayLevel: Creating play world package: /Game/ThirdPersonBP/Maps/UEDPIE_0_ThirdPersonExampleMap
[2020.03.09-12.47.45:242][229]LogPlayLevel: PIE: StaticDuplicateObject took: (0.014214s)
[2020.03.09-12.47.45:243][229]LogAIModule: Creating AISystem for world ThirdPersonExampleMap
[2020.03.09-12.47.45:243][229]LogPlayLevel: PIE: World Init took: (0.001053s)
[2020.03.09-12.47.45:243][229]LogPlayLevel: PIE: Created PIE world by copying editor world from /Game/ThirdPersonBP/Maps/ThirdPersonExampleMap.ThirdPersonExampleMap to /Game/ThirdPersonBP/Maps/UEDPIE_0_ThirdPersonExampleMap.ThirdPersonExampleMap (0.015466s)
[2020.03.09-12.47.45:274][229]LogUObjectHash: Compacting FUObjectHashTables data took   1.41ms
[2020.03.09-12.47.45:296][229]LogInit: XAudio2 using 'Speakers / Headphones (Realtek Audio)' : 2 channels at 48 kHz using 32 bits per sample (channel mask 0x3)
[2020.03.09-12.47.45:342][229]LogInit: FAudioDevice initialized.
[2020.03.09-12.47.45:360][229]LogLoad: Game class is 'ThirdPersonGameMode_C'
[2020.03.09-12.47.45:363][229]LogPhysics: Warning: PopulatePhysXGeometryAndTransform(Convex): ConvexElem has invalid transform
[2020.03.09-12.47.45:363][229]LogPhysics: Warning: ForeachShape(Convex): ScaledElem[0] invalid
[2020.03.09-12.47.45:365][229]LogWorld: Bringing World /Game/ThirdPersonBP/Maps/UEDPIE_0_ThirdPersonExampleMap.ThirdPersonExampleMap up for play (max tick rate 0) at 2020.03.09-12.47.45
[2020.03.09-12.47.45:370][229]LogWorld: Bringing up level for play took: 0.007242
[2020.03.09-12.47.45:370][229]LogOnline: OSS: Creating online subsystem instance for: :Context_1
[2020.03.09-12.47.45:391][229]LogContentBrowser: Native class hierarchy updated for 'MovieSceneCapture' in 0.0007 seconds. Added 20 classes and 0 folders.
[2020.03.09-12.47.45:397][229]LogBlueprintUserMessages: [ThirdPersonExampleMap_C_4] Hello
[2020.03.09-12.47.45:398][229]LogBlueprintUserMessages: [ThirdPersonExampleMap_C_4] Hello
[2020.03.09-12.47.45:398][229]LogBlueprintUserMessages: [ThirdPersonExampleMap_C_4] Hello
[2020.03.09-12.47.45:399][229]LogBlueprintUserMessages: [ThirdPersonExampleMap_C_4] Hello
[2020.03.09-12.47.45:399][229]LogBlueprintUserMessages: [ThirdPersonExampleMap_C_4] Hello
[2020.03.09-12.47.45:400][229]LogBlueprintUserMessages: [ThirdPersonExampleMap_C_4] Hello
[2020.03.09-12.47.45:400][229]LogBlueprintUserMessages: [ThirdPersonExampleMap_C_4] Hello
[2020.03.09-12.47.45:401][229]LogBlueprintUserMessages: [ThirdPersonExampleMap_C_4] Hello
[2020.03.09-12.47.45:401][229]LogBlueprintUserMessages: [ThirdPersonExampleMap_C_4] Hello
[2020.03.09-12.47.45:402][229]LogBlueprintUserMessages: [ThirdPersonExampleMap_C_4] Hello
[2020.03.09-12.47.45:402][229]LogBlueprintUserMessages: [ThirdPersonExampleMap_C_4] Hello
[2020.03.09-12.47.45:402][229]PIE: Play in editor start time for /Game/ThirdPersonBP/Maps/UEDPIE_0_ThirdPersonExampleMap -0.648
[2020.03.09-12.47.45:403][229]LogBlueprintUserMessages: Late PlayInEditor Detection: Level '/Game/ThirdPersonBP/Maps/ThirdPersonExampleMap.ThirdPersonExampleMap:PersistentLevel' has LevelScriptBlueprint '/Game/ThirdPersonBP/Maps/ThirdPersonExampleMap.ThirdPersonExampleMap:PersistentLevel.ThirdPersonExampleMap' with GeneratedClass '/Game/ThirdPersonBP/Maps/ThirdPersonExampleMap.ThirdPersonExampleMap_C' with ClassGeneratedBy '/Game/ThirdPersonBP/Maps/ThirdPersonExampleMap.ThirdPersonExampleMap:PersistentLevel.ThirdPersonExampleMap'
[2020.03.09-12.47.46:180][315]LogBlueprintUserMessages: Early EndPlayMap Detection: Level '/Game/ThirdPersonBP/Maps/ThirdPersonExampleMap.ThirdPersonExampleMap:PersistentLevel' has LevelScriptBlueprint '/Game/ThirdPersonBP/Maps/ThirdPersonExampleMap.ThirdPersonExampleMap:PersistentLevel.ThirdPersonExampleMap' with GeneratedClass '/Game/ThirdPersonBP/Maps/ThirdPersonExampleMap.ThirdPersonExampleMap_C' with ClassGeneratedBy '/Game/ThirdPersonBP/Maps/ThirdPersonExampleMap.ThirdPersonExampleMap:PersistentLevel.ThirdPersonExampleMap'
[2020.03.09-12.47.46:180][315]LogSlate: Updating window title bar state: overlay mode, drag disabled, window buttons hidden, title bar hidden
[2020.03.09-12.47.46:180][315]LogWorld: BeginTearingDown for /Game/ThirdPersonBP/Maps/UEDPIE_0_ThirdPersonExampleMap
[2020.03.09-12.47.46:180][315]LogWorld: UWorld::CleanupWorld for ThirdPersonExampleMap, bSessionEnded=true, bCleanupResources=true
[2020.03.09-12.47.46:189][315]LogPlayLevel: Display: Shutting down PIE online subsystems
[2020.03.09-12.47.46:190][315]LogBlueprintUserMessages: Late EndPlayMap Detection: Level '/Game/ThirdPersonBP/Maps/ThirdPersonExampleMap.ThirdPersonExampleMap:PersistentLevel' has LevelScriptBlueprint '/Game/ThirdPersonBP/Maps/ThirdPersonExampleMap.ThirdPersonExampleMap:PersistentLevel.ThirdPersonExampleMap' with GeneratedClass '/Game/ThirdPersonBP/Maps/ThirdPersonExampleMap.ThirdPersonExampleMap_C' with ClassGeneratedBy '/Game/ThirdPersonBP/Maps/ThirdPersonExampleMap.ThirdPersonExampleMap:PersistentLevel.ThirdPersonExampleMap'
[2020.03.09-12.47.46:223][315]LogSlate: Updating window title bar state: overlay mode, drag disabled, window buttons hidden, title bar hidden
[2020.03.09-12.47.46:225][315]LogUObjectHash: Compacting FUObjectHashTables data took   1.57ms
[2020.03.09-12.47.46:280][318]LogPlayLevel: Display: Destroying online subsystem :Context_1
[2020.03.09-12.47.47:373][449]LogSlate: FSceneViewport::OnFocusLost() reason 0
[2020.03.09-12.47.52:814][ 97]LogSlate: Took 0.001132 seconds to synchronously load lazily loaded font '../../../Engine/Content/Slate/Fonts/Roboto-Light.ttf' (167K)
[2020.03.09-12.47.52:845][ 97]LogAIModule: Creating AISystem for world MainMenu
[2020.03.09-12.47.52:850][ 97]LogAssetEditorManager: Opening Asset editor for World /Game/ThirdPersonBP/Maps/MainMenu.MainMenu
[2020.03.09-12.47.52:878][ 97]LogUObjectHash: Compacting FUObjectHashTables data took   2.02ms
[2020.03.09-12.47.52:879][ 97]Cmd: MAP LOAD FILE="D:/1802451/ProjectMock/Content/ThirdPersonBP/Maps/MainMenu.umap" TEMPLATE=0 SHOWPROGRESS=1 FEATURELEVEL=3
[2020.03.09-12.47.52:879][ 97]LightingResults: New page: Lighting Build
[2020.03.09-12.47.52:879][ 97]LoadErrors: New page: Loading map: MainMenu.umap
[2020.03.09-12.47.52:879][ 97]LogWorld: UWorld::CleanupWorld for ThirdPersonExampleMap, bSessionEnded=true, bCleanupResources=true
[2020.03.09-12.47.52:880][ 97]MapCheck: New page: Map Check
[2020.03.09-12.47.52:880][ 97]LightingResults: New page: Lighting Build
[2020.03.09-12.47.52:909][ 97]LogUObjectHash: Compacting FUObjectHashTables data took   2.03ms
[2020.03.09-12.47.52:910][ 97]LogEditorServer: Finished looking for orphan Actors (0.000 secs)
[2020.03.09-12.47.52:937][ 97]LogUObjectHash: Compacting FUObjectHashTables data took   1.35ms
[2020.03.09-12.47.52:948][ 97]Cmd: MAP CHECKDEP NOCLEARLOG
[2020.03.09-12.47.52:948][ 97]MapCheck: Map check complete: 0 Error(s), 0 Warning(s), took 0.057ms to complete.
[2020.03.09-12.47.52:948][ 97]LogFileHelpers: Loading map 'MainMenu' took 0.070
[2020.03.09-12.49.22:236][801]LogTemp: Repeating last play command: Selected Viewport
[2020.03.09-12.49.22:243][801]LogBlueprintUserMessages: Early PlayInEditor Detection: Level '/Game/ThirdPersonBP/Maps/MainMenu.MainMenu:PersistentLevel' has LevelScriptBlueprint '/Game/ThirdPersonBP/Maps/MainMenu.MainMenu:PersistentLevel.MainMenu' with GeneratedClass '/Game/ThirdPersonBP/Maps/MainMenu.MainMenu_C' with ClassGeneratedBy '/Game/ThirdPersonBP/Maps/MainMenu.MainMenu:PersistentLevel.MainMenu'
[2020.03.09-12.49.22:243][801]LogPlayLevel: PlayLevel: No blueprints needed recompiling
[2020.03.09-12.49.22:243][801]PIE: New page: PIE session: MainMenu (9 Mar 2020 12:49:22)
[2020.03.09-12.49.22:243][801]LogPlayLevel: Creating play world package: /Game/ThirdPersonBP/Maps/UEDPIE_0_MainMenu
[2020.03.09-12.49.22:244][801]LogPlayLevel: PIE: StaticDuplicateObject took: (0.000997s)
[2020.03.09-12.49.22:245][801]LogAIModule: Creating AISystem for world MainMenu
[2020.03.09-12.49.22:245][801]LogPlayLevel: PIE: World Init took: (0.000899s)
[2020.03.09-12.49.22:245][801]LogPlayLevel: PIE: Created PIE world by copying editor world from /Game/ThirdPersonBP/Maps/MainMenu.MainMenu to /Game/ThirdPersonBP/Maps/UEDPIE_0_MainMenu.MainMenu (0.002043s)
[2020.03.09-12.49.22:272][801]LogUObjectHash: Compacting FUObjectHashTables data took   1.39ms
[2020.03.09-12.49.22:294][801]LogInit: XAudio2 using 'Speakers / Headphones (Realtek Audio)' : 2 channels at 48 kHz using 32 bits per sample (channel mask 0x3)
[2020.03.09-12.49.22:354][801]LogInit: FAudioDevice initialized.
[2020.03.09-12.49.22:365][801]LogLoad: Game class is 'ThirdPersonGameMode_C'
[2020.03.09-12.49.22:367][801]LogWorld: Bringing World /Game/ThirdPersonBP/Maps/UEDPIE_0_MainMenu.MainMenu up for play (max tick rate 0) at 2020.03.09-12.49.22
[2020.03.09-12.49.22:367][801]LogWorld: Bringing up level for play took: 0.000694
[2020.03.09-12.49.22:367][801]LogOnline: OSS: Creating online subsystem instance for: :Context_2
[2020.03.09-12.49.22:373][801]PIE: Play in editor start time for /Game/ThirdPersonBP/Maps/UEDPIE_0_MainMenu 0.322
[2020.03.09-12.49.22:374][801]LogBlueprintUserMessages: Late PlayInEditor Detection: Level '/Game/ThirdPersonBP/Maps/MainMenu.MainMenu:PersistentLevel' has LevelScriptBlueprint '/Game/ThirdPersonBP/Maps/MainMenu.MainMenu:PersistentLevel.MainMenu' with GeneratedClass '/Game/ThirdPersonBP/Maps/MainMenu.MainMenu_C' with ClassGeneratedBy '/Game/ThirdPersonBP/Maps/MainMenu.MainMenu:PersistentLevel.MainMenu'
[2020.03.09-12.49.26:051][238]LogNet: Browse: /Game/ThirdPersonBP/Maps/ThirdPersonExampleMap
[2020.03.09-12.49.26:051][238]LogLoad: LoadMap: /Game/ThirdPersonBP/Maps/ThirdPersonExampleMap
[2020.03.09-12.49.26:051][238]LogWorld: BeginTearingDown for /Game/ThirdPersonBP/Maps/UEDPIE_0_MainMenu
[2020.03.09-12.49.26:051][238]LogWorld: UWorld::CleanupWorld for MainMenu, bSessionEnded=true, bCleanupResources=true
[2020.03.09-12.49.26:080][238]LogUObjectHash: Compacting FUObjectHashTables data took   1.55ms
[2020.03.09-12.49.26:106][238]LogAIModule: Creating AISystem for world ThirdPersonExampleMap
[2020.03.09-12.49.26:106][238]LogLoad: Game class is 'ThirdPersonGameMode_C'
[2020.03.09-12.49.26:122][238]LogPhysics: Warning: PopulatePhysXGeometryAndTransform(Convex): ConvexElem has invalid transform
[2020.03.09-12.49.26:122][238]LogPhysics: Warning: ForeachShape(Convex): ScaledElem[0] invalid
[2020.03.09-12.49.26:124][238]LogPhysics: Warning: PopulatePhysXGeometryAndTransform(Convex): ConvexElem has invalid transform
[2020.03.09-12.49.26:124][238]LogPhysics: Warning: ForeachShape(Convex): ScaledElem[0] invalid
[2020.03.09-12.49.26:124][238]LogPhysics: Warning: PopulatePhysXGeometryAndTransform(Convex): ConvexElem has invalid transform
[2020.03.09-12.49.26:124][238]LogPhysics: Warning: ForeachShape(Convex): ScaledElem[0] invalid
[2020.03.09-12.49.26:124][238]LogPhysics: Warning: PopulatePhysXGeometryAndTransform(Convex): ConvexElem has invalid transform
[2020.03.09-12.49.26:124][238]LogPhysics: Warning: ForeachShape(Convex): ScaledElem[0] invalid
[2020.03.09-12.49.26:125][238]LogWorld: Bringing World /Game/ThirdPersonBP/Maps/UEDPIE_0_ThirdPersonExampleMap.ThirdPersonExampleMap up for play (max tick rate 0) at 2020.03.09-12.49.26
[2020.03.09-12.49.26:126][238]LogWorld: Bringing up level for play took: 0.019106
[2020.03.09-12.49.26:128][238]LogBlueprintUserMessages: [ThirdPersonExampleMap_C_4] Hello
[2020.03.09-12.49.26:128][238]LogBlueprintUserMessages: [ThirdPersonExampleMap_C_4] Hello
[2020.03.09-12.49.26:128][238]LogBlueprintUserMessages: [ThirdPersonExampleMap_C_4] Hello
[2020.03.09-12.49.26:128][238]LogBlueprintUserMessages: [ThirdPersonExampleMap_C_4] Hello
[2020.03.09-12.49.26:129][238]LogBlueprintUserMessages: [ThirdPersonExampleMap_C_4] Hello
[2020.03.09-12.49.26:129][238]LogBlueprintUserMessages: [ThirdPersonExampleMap_C_4] Hello
[2020.03.09-12.49.26:129][238]LogBlueprintUserMessages: [ThirdPersonExampleMap_C_4] Hello
[2020.03.09-12.49.26:131][238]LogBlueprintUserMessages: [ThirdPersonExampleMap_C_4] Hello
[2020.03.09-12.49.26:132][238]LogBlueprintUserMessages: [ThirdPersonExampleMap_C_4] Hello
[2020.03.09-12.49.26:132][238]LogBlueprintUserMessages: [ThirdPersonExampleMap_C_4] Hello
[2020.03.09-12.49.26:132][238]LogBlueprintUserMessages: [ThirdPersonExampleMap_C_4] Hello
[2020.03.09-12.49.26:132][238]LogLoad: Took 0.081367 seconds to LoadMap(/Game/ThirdPersonBP/Maps/ThirdPersonExampleMap)
[2020.03.09-12.49.27:799][435]LogPlayerController: Error: InputMode:UIOnly - Attempting to focus Non-Focusable widget SObjectWidget [Widget.cpp(723)]!
[2020.03.09-12.49.28:966][575]LogSlate: FSceneViewport::OnFocusLost() reason 0
[2020.03.09-12.49.30:229][726]LogPlayerController: Error: InputMode:UIOnly - Attempting to focus Non-Focusable widget SObjectWidget [Widget.cpp(723)]!
[2020.03.09-12.49.32:196][962]LogSlate: FSceneViewport::OnFocusLost() reason 0
[2020.03.09-12.49.38:213][682]LogSlate: FSceneViewport::OnFocusLost() reason 0
[2020.03.09-12.49.38:272][689]LogNet: Browse: /Game/ThirdPersonBP/Maps/ThirdPersonExampleMap
[2020.03.09-12.49.38:272][689]LogLoad: LoadMap: /Game/ThirdPersonBP/Maps/ThirdPersonExampleMap
[2020.03.09-12.49.38:272][689]LogWorld: BeginTearingDown for /Game/ThirdPersonBP/Maps/UEDPIE_0_ThirdPersonExampleMap
[2020.03.09-12.49.38:272][689]LogWorld: UWorld::CleanupWorld for ThirdPersonExampleMap, bSessionEnded=true, bCleanupResources=true
[2020.03.09-12.49.38:301][689]LogUObjectHash: Compacting FUObjectHashTables data took   1.36ms
[2020.03.09-12.49.38:322][689]LogAIModule: Creating AISystem for world ThirdPersonExampleMap
[2020.03.09-12.49.38:322][689]LogLoad: Game class is 'ThirdPersonGameMode_C'
[2020.03.09-12.49.38:337][689]LogPhysics: Warning: PopulatePhysXGeometryAndTransform(Convex): ConvexElem has invalid transform
[2020.03.09-12.49.38:337][689]LogPhysics: Warning: ForeachShape(Convex): ScaledElem[0] invalid
[2020.03.09-12.49.38:338][689]LogPhysics: Warning: PopulatePhysXGeometryAndTransform(Convex): ConvexElem has invalid transform
[2020.03.09-12.49.38:338][689]LogPhysics: Warning: ForeachShape(Convex): ScaledElem[0] invalid
[2020.03.09-12.49.38:338][689]LogPhysics: Warning: PopulatePhysXGeometryAndTransform(Convex): ConvexElem has invalid transform
[2020.03.09-12.49.38:338][689]LogPhysics: Warning: ForeachShape(Convex): ScaledElem[0] invalid
[2020.03.09-12.49.38:338][689]LogPhysics: Warning: PopulatePhysXGeometryAndTransform(Convex): ConvexElem has invalid transform
[2020.03.09-12.49.38:338][689]LogPhysics: Warning: ForeachShape(Convex): ScaledElem[0] invalid
[2020.03.09-12.49.38:340][689]LogWorld: Bringing World /Game/ThirdPersonBP/Maps/UEDPIE_0_ThirdPersonExampleMap.ThirdPersonExampleMap up for play (max tick rate 0) at 2020.03.09-12.49.38
[2020.03.09-12.49.38:340][689]LogWorld: Bringing up level for play took: 0.016842
[2020.03.09-12.49.38:342][689]LogBlueprintUserMessages: [ThirdPersonExampleMap_C_4] Hello
[2020.03.09-12.49.38:342][689]LogBlueprintUserMessages: [ThirdPersonExampleMap_C_4] Hello
[2020.03.09-12.49.38:342][689]LogBlueprintUserMessages: [ThirdPersonExampleMap_C_4] Hello
[2020.03.09-12.49.38:342][689]LogBlueprintUserMessages: [ThirdPersonExampleMap_C_4] Hello
[2020.03.09-12.49.38:343][689]LogBlueprintUserMessages: [ThirdPersonExampleMap_C_4] Hello
[2020.03.09-12.49.38:343][689]LogBlueprintUserMessages: [ThirdPersonExampleMap_C_4] Hello
[2020.03.09-12.49.38:343][689]LogBlueprintUserMessages: [ThirdPersonExampleMap_C_4] Hello
[2020.03.09-12.49.38:344][689]LogBlueprintUserMessages: [ThirdPersonExampleMap_C_4] Hello
[2020.03.09-12.49.38:344][689]LogBlueprintUserMessages: [ThirdPersonExampleMap_C_4] Hello
[2020.03.09-12.49.38:344][689]LogBlueprintUserMessages: [ThirdPersonExampleMap_C_4] Hello
[2020.03.09-12.49.38:346][689]LogSpawn: Warning: SpawnActor failed because of collision at the spawn location [X=3211.187 Y=-437.807 Z=250.000] for [Fish_C]
[2020.03.09-12.49.38:346][689]LogBlueprintUserMessages: [ThirdPersonExampleMap_C_4] Hello
[2020.03.09-12.49.38:346][689]LogLoad: Took 0.074222 seconds to LoadMap(/Game/ThirdPersonBP/Maps/ThirdPersonExampleMap)
[2020.03.09-12.49.39:738][854]LogPlayerController: Error: InputMode:UIOnly - Attempting to focus Non-Focusable widget SObjectWidget [Widget.cpp(723)]!
[2020.03.09-12.49.40:671][966]LogBlueprintUserMessages: Early EndPlayMap Detection: Level '/Game/ThirdPersonBP/Maps/MainMenu.MainMenu:PersistentLevel' has LevelScriptBlueprint '/Game/ThirdPersonBP/Maps/MainMenu.MainMenu:PersistentLevel.MainMenu' with GeneratedClass '/Game/ThirdPersonBP/Maps/MainMenu.MainMenu_C' with ClassGeneratedBy '/Game/ThirdPersonBP/Maps/MainMenu.MainMenu:PersistentLevel.MainMenu'
[2020.03.09-12.49.40:671][966]LogSlate: Updating window title bar state: overlay mode, drag disabled, window buttons hidden, title bar hidden
[2020.03.09-12.49.40:672][966]LogWorld: BeginTearingDown for /Game/ThirdPersonBP/Maps/UEDPIE_0_ThirdPersonExampleMap
[2020.03.09-12.49.40:672][966]LogWorld: UWorld::CleanupWorld for ThirdPersonExampleMap, bSessionEnded=true, bCleanupResources=true
[2020.03.09-12.49.40:679][966]LogPlayLevel: Display: Shutting down PIE online subsystems
[2020.03.09-12.49.40:679][966]LogBlueprintUserMessages: Late EndPlayMap Detection: Level '/Game/ThirdPersonBP/Maps/MainMenu.MainMenu:PersistentLevel' has LevelScriptBlueprint '/Game/ThirdPersonBP/Maps/MainMenu.MainMenu:PersistentLevel.MainMenu' with GeneratedClass '/Game/ThirdPersonBP/Maps/MainMenu.MainMenu_C' with ClassGeneratedBy '/Game/ThirdPersonBP/Maps/MainMenu.MainMenu:PersistentLevel.MainMenu'
[2020.03.09-12.49.40:714][966]LogSlate: Updating window title bar state: overlay mode, drag disabled, window buttons hidden, title bar hidden
[2020.03.09-12.49.40:716][966]LogUObjectHash: Compacting FUObjectHashTables data took   1.56ms
[2020.03.09-12.49.40:774][972]LogPlayLevel: Display: Destroying online subsystem :Context_2
[2020.03.09-12.49.47:719][804]LogSlate: FSceneViewport::OnFocusLost() reason 0
[2020.03.09-12.49.55:233][693]LogAssetEditorManager: Opening Asset editor for WidgetBlueprint /Game/ThirdPersonBP/Blueprints/Player/HUD.HUD
[2020.03.09-12.49.55:533][693]LogContentBrowser: Native class hierarchy updated for 'BlueprintGraph' in 0.0006 seconds. Added 121 classes and 0 folders.
[2020.03.09-12.49.56:989][693]LogSlate: Took 0.000609 seconds to synchronously load lazily loaded font '../../../Engine/Content/Slate/Fonts/Roboto-BoldCondensed.ttf' (158K)
[2020.03.09-12.49.58:767][872]LogSlate: Took 0.000571 seconds to synchronously load lazily loaded font '../../../Engine/Content/Slate/Fonts/Roboto-Italic.ttf' (157K)
[2020.03.09-12.50.02:106][136]LogSlate: Window 'HUD' being destroyed
[2020.03.09-12.57.21:514][122]LogTemp: Repeating last play command: Selected Viewport
[2020.03.09-12.57.21:533][122]LogBlueprintUserMessages: Early PlayInEditor Detection: Level '/Game/ThirdPersonBP/Maps/MainMenu.MainMenu:PersistentLevel' has LevelScriptBlueprint '/Game/ThirdPersonBP/Maps/MainMenu.MainMenu:PersistentLevel.MainMenu' with GeneratedClass '/Game/ThirdPersonBP/Maps/MainMenu.MainMenu_C' with ClassGeneratedBy '/Game/ThirdPersonBP/Maps/MainMenu.MainMenu:PersistentLevel.MainMenu'
[2020.03.09-12.57.21:533][122]LogPlayLevel: PlayLevel: No blueprints needed recompiling
[2020.03.09-12.57.21:533][122]PIE: New page: PIE session: MainMenu (9 Mar 2020 12:57:21)
[2020.03.09-12.57.21:534][122]LogPlayLevel: Creating play world package: /Game/ThirdPersonBP/Maps/UEDPIE_0_MainMenu
[2020.03.09-12.57.21:535][122]LogPlayLevel: PIE: StaticDuplicateObject took: (0.001150s)
[2020.03.09-12.57.21:536][122]LogAIModule: Creating AISystem for world MainMenu
[2020.03.09-12.57.21:536][122]LogPlayLevel: PIE: World Init took: (0.001491s)
[2020.03.09-12.57.21:536][122]LogPlayLevel: PIE: Created PIE world by copying editor world from /Game/ThirdPersonBP/Maps/MainMenu.MainMenu to /Game/ThirdPersonBP/Maps/UEDPIE_0_MainMenu.MainMenu (0.002739s)
[2020.03.09-12.57.21:596][122]LogUObjectHash: Compacting FUObjectHashTables data took   4.96ms
[2020.03.09-12.57.21:617][122]LogInit: XAudio2 using 'Speakers / Headphones (Realtek Audio)' : 2 channels at 48 kHz using 32 bits per sample (channel mask 0x3)
[2020.03.09-12.57.21:673][122]LogInit: FAudioDevice initialized.
[2020.03.09-12.57.21:686][122]LogLoad: Game class is 'ThirdPersonGameMode_C'
[2020.03.09-12.57.21:687][122]LogWorld: Bringing World /Game/ThirdPersonBP/Maps/UEDPIE_0_MainMenu.MainMenu up for play (max tick rate 0) at 2020.03.09-12.57.21
[2020.03.09-12.57.21:687][122]LogWorld: Bringing up level for play took: 0.000275
[2020.03.09-12.57.21:687][122]LogOnline: OSS: Creating online subsystem instance for: :Context_6
[2020.03.09-12.57.21:692][122]PIE: Play in editor start time for /Game/ThirdPersonBP/Maps/UEDPIE_0_MainMenu -0.358
[2020.03.09-12.57.21:693][122]LogBlueprintUserMessages: Late PlayInEditor Detection: Level '/Game/ThirdPersonBP/Maps/MainMenu.MainMenu:PersistentLevel' has LevelScriptBlueprint '/Game/ThirdPersonBP/Maps/MainMenu.MainMenu:PersistentLevel.MainMenu' with GeneratedClass '/Game/ThirdPersonBP/Maps/MainMenu.MainMenu_C' with ClassGeneratedBy '/Game/ThirdPersonBP/Maps/MainMenu.MainMenu:PersistentLevel.MainMenu'
[2020.03.09-12.57.22:173][178]LogNet: Browse: /Game/ThirdPersonBP/Maps/ThirdPersonExampleMap
[2020.03.09-12.57.22:173][178]LogLoad: LoadMap: /Game/ThirdPersonBP/Maps/ThirdPersonExampleMap
[2020.03.09-12.57.22:173][178]LogWorld: BeginTearingDown for /Game/ThirdPersonBP/Maps/UEDPIE_0_MainMenu
[2020.03.09-12.57.22:173][178]LogWorld: UWorld::CleanupWorld for MainMenu, bSessionEnded=true, bCleanupResources=true
[2020.03.09-12.57.22:212][178]LogUObjectHash: Compacting FUObjectHashTables data took   3.50ms
[2020.03.09-12.57.22:234][178]LogAIModule: Creating AISystem for world ThirdPersonExampleMap
[2020.03.09-12.57.22:234][178]LogLoad: Game class is 'ThirdPersonGameMode_C'
[2020.03.09-12.57.22:248][178]LogPhysics: Warning: PopulatePhysXGeometryAndTransform(Convex): ConvexElem has invalid transform
[2020.03.09-12.57.22:248][178]LogPhysics: Warning: ForeachShape(Convex): ScaledElem[0] invalid
[2020.03.09-12.57.22:249][178]LogPhysics: Warning: PopulatePhysXGeometryAndTransform(Convex): ConvexElem has invalid transform
[2020.03.09-12.57.22:250][178]LogPhysics: Warning: ForeachShape(Convex): ScaledElem[0] invalid
[2020.03.09-12.57.22:250][178]LogPhysics: Warning: PopulatePhysXGeometryAndTransform(Convex): ConvexElem has invalid transform
[2020.03.09-12.57.22:250][178]LogPhysics: Warning: ForeachShape(Convex): ScaledElem[0] invalid
[2020.03.09-12.57.22:250][178]LogPhysics: Warning: PopulatePhysXGeometryAndTransform(Convex): ConvexElem has invalid transform
[2020.03.09-12.57.22:250][178]LogPhysics: Warning: ForeachShape(Convex): ScaledElem[0] invalid
[2020.03.09-12.57.22:251][178]LogWorld: Bringing World /Game/ThirdPersonBP/Maps/UEDPIE_0_ThirdPersonExampleMap.ThirdPersonExampleMap up for play (max tick rate 0) at 2020.03.09-12.57.22
[2020.03.09-12.57.22:251][178]LogWorld: Bringing up level for play took: 0.016878
[2020.03.09-12.57.22:253][178]LogBlueprintUserMessages: [ThirdPersonExampleMap_C_4] Hello
[2020.03.09-12.57.22:254][178]LogBlueprintUserMessages: [ThirdPersonExampleMap_C_4] Hello
[2020.03.09-12.57.22:254][178]LogBlueprintUserMessages: [ThirdPersonExampleMap_C_4] Hello
[2020.03.09-12.57.22:254][178]LogBlueprintUserMessages: [ThirdPersonExampleMap_C_4] Hello
[2020.03.09-12.57.22:254][178]LogBlueprintUserMessages: [ThirdPersonExampleMap_C_4] Hello
[2020.03.09-12.57.22:255][178]LogBlueprintUserMessages: [ThirdPersonExampleMap_C_4] Hello
[2020.03.09-12.57.22:255][178]LogBlueprintUserMessages: [ThirdPersonExampleMap_C_4] Hello
[2020.03.09-12.57.22:255][178]LogBlueprintUserMessages: [ThirdPersonExampleMap_C_4] Hello
[2020.03.09-12.57.22:256][178]LogBlueprintUserMessages: [ThirdPersonExampleMap_C_4] Hello
[2020.03.09-12.57.22:256][178]LogBlueprintUserMessages: [ThirdPersonExampleMap_C_4] Hello
[2020.03.09-12.57.22:256][178]LogBlueprintUserMessages: [ThirdPersonExampleMap_C_4] Hello
[2020.03.09-12.57.22:256][178]LogLoad: Took 0.083455 seconds to LoadMap(/Game/ThirdPersonBP/Maps/ThirdPersonExampleMap)
[2020.03.09-12.57.30:185][126]LogBlueprintUserMessages: Early EndPlayMap Detection: Level '/Game/ThirdPersonBP/Maps/MainMenu.MainMenu:PersistentLevel' has LevelScriptBlueprint '/Game/ThirdPersonBP/Maps/MainMenu.MainMenu:PersistentLevel.MainMenu' with GeneratedClass '/Game/ThirdPersonBP/Maps/MainMenu.MainMenu_C' with ClassGeneratedBy '/Game/ThirdPersonBP/Maps/MainMenu.MainMenu:PersistentLevel.MainMenu'
[2020.03.09-12.57.30:185][126]LogSlate: Updating window title bar state: overlay mode, drag disabled, window buttons hidden, title bar hidden
[2020.03.09-12.57.30:185][126]LogWorld: BeginTearingDown for /Game/ThirdPersonBP/Maps/UEDPIE_0_ThirdPersonExampleMap
[2020.03.09-12.57.30:186][126]LogWorld: UWorld::CleanupWorld for ThirdPersonExampleMap, bSessionEnded=true, bCleanupResources=true
[2020.03.09-12.57.30:195][126]LogPlayLevel: Display: Shutting down PIE online subsystems
[2020.03.09-12.57.30:196][126]LogBlueprintUserMessages: Late EndPlayMap Detection: Level '/Game/ThirdPersonBP/Maps/MainMenu.MainMenu:PersistentLevel' has LevelScriptBlueprint '/Game/ThirdPersonBP/Maps/MainMenu.MainMenu:PersistentLevel.MainMenu' with GeneratedClass '/Game/ThirdPersonBP/Maps/MainMenu.MainMenu_C' with ClassGeneratedBy '/Game/ThirdPersonBP/Maps/MainMenu.MainMenu:PersistentLevel.MainMenu'
[2020.03.09-12.57.30:251][126]LogSlate: Updating window title bar state: overlay mode, drag disabled, window buttons hidden, title bar hidden
[2020.03.09-12.57.30:254][126]LogUObjectHash: Compacting FUObjectHashTables data took   2.96ms
[2020.03.09-12.57.30:291][129]LogPlayLevel: Display: Destroying online subsystem :Context_6
[2020.03.09-12.57.44:582][843]LogSlate: FSceneViewport::OnFocusLost() reason 0
[2020.03.09-12.58.13:024][ 37]LogAssetEditorManager: Opening Asset editor for Blueprint /Game/ThirdPersonBP/Blueprints/WorldObjects/OilSpill.OilSpill
[2020.03.09-12.58.13:438][ 37]LogPhysics: Warning: PopulatePhysXGeometryAndTransform(Convex): ConvexElem has invalid transform
[2020.03.09-12.58.13:438][ 37]LogPhysics: Warning: ForeachShape(Convex): ScaledElem[0] invalid
[2020.03.09-12.58.16:790][429]LogAssetEditorManager: Opening Asset editor for Blueprint /Game/ThirdPersonBP/Blueprints/Interfaces/HazardInterface.HazardInterface
[2020.03.09-12.58.33:450][322]LogAssetEditorManager: Opening Asset editor for Blueprint /Game/ThirdPersonBP/Blueprints/WorldObjects/FishingSpot.FishingSpot
[2020.03.09-12.59.09:390][463]LogUObjectHash: Compacting FUObjectHashTables data took   0.97ms
[2020.03.09-12.59.09:390][463]LogFileHelpers: Editor autosave (incl. sublevels) for '/Game/ThirdPersonBP/Maps/MainMenu' took 0.043
[2020.03.09-12.59.09:392][463]OBJ SavePackage: Generating thumbnails for [0] asset(s) in package [/Game/ThirdPersonBP/Blueprints/Player/HUD] ([1] browsable assets)...
[2020.03.09-12.59.09:393][463]OBJ SavePackage: Finished generating thumbnails for package [/Game/ThirdPersonBP/Blueprints/Player/HUD]
[2020.03.09-12.59.09:393][463]Cmd: OBJ SAVEPACKAGE PACKAGE="/Game/ThirdPersonBP/Blueprints/Player/HUD" FILE="D:/1802451/ProjectMock/Saved/Autosaves/Game/ThirdPersonBP/Blueprints/Player/HUD_Auto1.uasset" SILENT=false AUTOSAVING=true
[2020.03.09-12.59.09:446][463]LogSavePackage: Moving 'D:/1802451/ProjectMock/Saved/HUD_Auto1FAB17C32475702D726D3EE9E9957F0B0.tmp' to 'D:/1802451/ProjectMock/Saved/Autosaves/Game/ThirdPersonBP/Blueprints/Player/HUD_Auto1.uasset'
[2020.03.09-12.59.09:447][463]LogFileHelpers: Auto-saving content packages took 0.056
[2020.03.09-13.00.08:862][482]BlueprintLog: New page: Compile HUD
[2020.03.09-13.00.08:944][482]LogUObjectHash: Compacting FUObjectHashTables data took   3.85ms
[2020.03.09-13.00.15:640][237]LogAssetEditorManager: Opening Asset editor for Blueprint /Game/ThirdPersonBP/Blueprints/Player/ThirdPersonCharacter.ThirdPersonCharacter
[2020.03.09-13.03.07:689][243]LogSlate: Took 0.000564 seconds to synchronously load lazily loaded font '../../../Engine/Content/Slate/Fonts/Roboto-BoldCondensedItalic.ttf' (160K)
[2020.03.09-13.04.46:204][359]LogAssetEditorManager: Opening Asset editor for WidgetBlueprint /Game/ThirdPersonBP/Blueprints/Menus/PauseMenu.PauseMenu
[2020.03.09-13.06.43:624][900]BlueprintLog: New page: Compile PauseMenu
[2020.03.09-13.06.43:691][900]LogUObjectHash: Compacting FUObjectHashTables data took   4.75ms
[2020.03.09-13.07.09:587][961]LogTemp: Repeating last play command: Selected Viewport
[2020.03.09-13.07.09:618][961]LogBlueprintUserMessages: Early PlayInEditor Detection: Level '/Game/ThirdPersonBP/Maps/MainMenu.MainMenu:PersistentLevel' has LevelScriptBlueprint '/Game/ThirdPersonBP/Maps/MainMenu.MainMenu:PersistentLevel.MainMenu' with GeneratedClass '/Game/ThirdPersonBP/Maps/MainMenu.MainMenu_C' with ClassGeneratedBy '/Game/ThirdPersonBP/Maps/MainMenu.MainMenu:PersistentLevel.MainMenu'
[2020.03.09-13.07.09:618][961]BlueprintLog: New page: Pre-Play auto-recompile
[2020.03.09-13.07.09:622][961]LogPlayLevel: [PlayLevel] Compiling ThirdPersonCharacter before play...
[2020.03.09-13.07.09:977][961]LogUObjectHash: Compacting FUObjectHashTables data took   5.99ms
[2020.03.09-13.07.09:977][961]LogPlayLevel: PlayLevel: Blueprint regeneration took 359 ms (1 blueprints)
[2020.03.09-13.07.09:978][961]PIE: New page: PIE session: MainMenu (9 Mar 2020 13:07:09)
[2020.03.09-13.07.09:978][961]LogPlayLevel: Creating play world package: /Game/ThirdPersonBP/Maps/UEDPIE_0_MainMenu
[2020.03.09-13.07.09:980][961]LogPlayLevel: PIE: StaticDuplicateObject took: (0.001288s)
[2020.03.09-13.07.09:981][961]LogAIModule: Creating AISystem for world MainMenu
[2020.03.09-13.07.09:981][961]LogPlayLevel: PIE: World Init took: (0.001693s)
[2020.03.09-13.07.09:981][961]LogPlayLevel: PIE: Created PIE world by copying editor world from /Game/ThirdPersonBP/Maps/MainMenu.MainMenu to /Game/ThirdPersonBP/Maps/UEDPIE_0_MainMenu.MainMenu (0.003111s)
[2020.03.09-13.07.10:031][961]LogUObjectHash: Compacting FUObjectHashTables data took   3.03ms
[2020.03.09-13.07.10:052][961]LogInit: XAudio2 using 'Speakers / Headphones (Realtek Audio)' : 2 channels at 48 kHz using 32 bits per sample (channel mask 0x3)
[2020.03.09-13.07.10:120][961]LogInit: FAudioDevice initialized.
[2020.03.09-13.07.10:128][961]LogLoad: Game class is 'ThirdPersonGameMode_C'
[2020.03.09-13.07.10:129][961]LogWorld: Bringing World /Game/ThirdPersonBP/Maps/UEDPIE_0_MainMenu.MainMenu up for play (max tick rate 0) at 2020.03.09-13.07.10
[2020.03.09-13.07.10:129][961]LogWorld: Bringing up level for play took: 0.000267
[2020.03.09-13.07.10:129][961]LogOnline: OSS: Creating online subsystem instance for: :Context_16
[2020.03.09-13.07.10:133][961]PIE: Play in editor start time for /Game/ThirdPersonBP/Maps/UEDPIE_0_MainMenu 0.082
[2020.03.09-13.07.10:133][961]LogBlueprintUserMessages: Late PlayInEditor Detection: Level '/Game/ThirdPersonBP/Maps/MainMenu.MainMenu:PersistentLevel' has LevelScriptBlueprint '/Game/ThirdPersonBP/Maps/MainMenu.MainMenu:PersistentLevel.MainMenu' with GeneratedClass '/Game/ThirdPersonBP/Maps/MainMenu.MainMenu_C' with ClassGeneratedBy '/Game/ThirdPersonBP/Maps/MainMenu.MainMenu:PersistentLevel.MainMenu'
[2020.03.09-13.07.10:665][  4]LogNet: Browse: /Game/ThirdPersonBP/Maps/ThirdPersonExampleMap
[2020.03.09-13.07.10:665][  4]LogLoad: LoadMap: /Game/ThirdPersonBP/Maps/ThirdPersonExampleMap
[2020.03.09-13.07.10:665][  4]LogWorld: BeginTearingDown for /Game/ThirdPersonBP/Maps/UEDPIE_0_MainMenu
[2020.03.09-13.07.10:665][  4]LogWorld: UWorld::CleanupWorld for MainMenu, bSessionEnded=true, bCleanupResources=true
[2020.03.09-13.07.10:716][  4]LogUObjectHash: Compacting FUObjectHashTables data took   3.42ms
[2020.03.09-13.07.10:753][  4]LogAIModule: Creating AISystem for world ThirdPersonExampleMap
[2020.03.09-13.07.10:753][  4]LogLoad: Game class is 'ThirdPersonGameMode_C'
[2020.03.09-13.07.10:893][  4]LogPhysics: Warning: PopulatePhysXGeometryAndTransform(Convex): ConvexElem has invalid transform
[2020.03.09-13.07.10:893][  4]LogPhysics: Warning: ForeachShape(Convex): ScaledElem[0] invalid
[2020.03.09-13.07.10:896][  4]LogPhysics: Warning: PopulatePhysXGeometryAndTransform(Convex): ConvexElem has invalid transform
[2020.03.09-13.07.10:896][  4]LogPhysics: Warning: ForeachShape(Convex): ScaledElem[0] invalid
[2020.03.09-13.07.10:896][  4]LogPhysics: Warning: PopulatePhysXGeometryAndTransform(Convex): ConvexElem has invalid transform
[2020.03.09-13.07.10:896][  4]LogPhysics: Warning: ForeachShape(Convex): ScaledElem[0] invalid
[2020.03.09-13.07.10:896][  4]LogPhysics: Warning: PopulatePhysXGeometryAndTransform(Convex): ConvexElem has invalid transform
[2020.03.09-13.07.10:896][  4]LogPhysics: Warning: ForeachShape(Convex): ScaledElem[0] invalid
[2020.03.09-13.07.10:900][  4]LogWorld: Bringing World /Game/ThirdPersonBP/Maps/UEDPIE_0_ThirdPersonExampleMap.ThirdPersonExampleMap up for play (max tick rate 0) at 2020.03.09-13.07.10
[2020.03.09-13.07.10:900][  4]LogWorld: Bringing up level for play took: 0.145886
[2020.03.09-13.07.10:904][  4]LogBlueprintUserMessages: [ThirdPersonExampleMap_C_4] Hello
[2020.03.09-13.07.10:905][  4]LogBlueprintUserMessages: [ThirdPersonExampleMap_C_4] Hello
[2020.03.09-13.07.10:906][  4]LogBlueprintUserMessages: [ThirdPersonExampleMap_C_4] Hello
[2020.03.09-13.07.10:906][  4]LogBlueprintUserMessages: [ThirdPersonExampleMap_C_4] Hello
[2020.03.09-13.07.10:907][  4]LogBlueprintUserMessages: [ThirdPersonExampleMap_C_4] Hello
[2020.03.09-13.07.10:908][  4]LogSpawn: Warning: SpawnActor failed because of collision at the spawn location [X=3212.409 Y=400.225 Z=250.000] for [Fish_C]
[2020.03.09-13.07.10:908][  4]LogBlueprintUserMessages: [ThirdPersonExampleMap_C_4] Hello
[2020.03.09-13.07.10:908][  4]LogBlueprintUserMessages: [ThirdPersonExampleMap_C_4] Hello
[2020.03.09-13.07.10:909][  4]LogBlueprintUserMessages: [ThirdPersonExampleMap_C_4] Hello
[2020.03.09-13.07.10:910][  4]LogBlueprintUserMessages: [ThirdPersonExampleMap_C_4] Hello
[2020.03.09-13.07.10:910][  4]LogBlueprintUserMessages: [ThirdPersonExampleMap_C_4] Hello
[2020.03.09-13.07.10:910][  4]LogBlueprintUserMessages: [ThirdPersonExampleMap_C_4] Hello
[2020.03.09-13.07.10:911][  4]LogLoad: Took 0.246394 seconds to LoadMap(/Game/ThirdPersonBP/Maps/ThirdPersonExampleMap)
[2020.03.09-13.07.11:687][ 94]LogPlayerController: Error: InputMode:UIOnly - Attempting to focus Non-Focusable widget SObjectWidget [Widget.cpp(723)]!
[2020.03.09-13.07.12:278][165]LogSlate: FSceneViewport::OnFocusLost() reason 0
[2020.03.09-13.07.12:353][174]LogScript: Warning: Accessed None trying to read property Player
	PauseMenu_C /Engine/Transient.UnrealEdEngine_0:GameInstance_3.PauseMenu_C_0
	Function /Game/ThirdPersonBP/Blueprints/Menus/PauseMenu.PauseMenu_C:ExecuteUbergraph_PauseMenu:0030
[2020.03.09-13.07.12:353][174]LogScript: Warning: Accessed None
	PauseMenu_C /Engine/Transient.UnrealEdEngine_0:GameInstance_3.PauseMenu_C_0
	Function /Game/ThirdPersonBP/Blueprints/Menus/PauseMenu.PauseMenu_C:ExecuteUbergraph_PauseMenu:0045
[2020.03.09-13.07.12:648][209]LogPlayerController: Error: InputMode:UIOnly - Attempting to focus Non-Focusable widget SObjectWidget [Widget.cpp(723)]!
[2020.03.09-13.07.13:131][267]LogSlate: FSceneViewport::OnFocusLost() reason 0
[2020.03.09-13.07.13:354][279]LogPackageName: SearchForPackageOnDisk took   0.122s to resolve Main.umap.
[2020.03.09-13.07.13:503][279]LogPackageName: SearchForPackageOnDisk took   0.148s to resolve Main.umap.
[2020.03.09-13.07.13:503][279]LogNet: Browse: /Game/ThirdPersonBP/Maps/Main
[2020.03.09-13.07.13:503][279]LogLoad: LoadMap: /Game/ThirdPersonBP/Maps/Main
[2020.03.09-13.07.13:504][279]LogWorld: BeginTearingDown for /Game/ThirdPersonBP/Maps/UEDPIE_0_ThirdPersonExampleMap
[2020.03.09-13.07.13:504][279]LogWorld: UWorld::CleanupWorld for ThirdPersonExampleMap, bSessionEnded=true, bCleanupResources=true
[2020.03.09-13.07.13:562][279]LogUObjectHash: Compacting FUObjectHashTables data took   4.12ms
[2020.03.09-13.07.13:564][279]LogPlayLevel: Creating play world package: /Game/ThirdPersonBP/Maps/UEDPIE_0_MainMenu
[2020.03.09-13.07.13:565][279]LogPlayLevel: PIE: StaticDuplicateObject took: (0.001182s)
[2020.03.09-13.07.13:566][279]LogAIModule: Creating AISystem for world MainMenu
[2020.03.09-13.07.13:566][279]LogPlayLevel: PIE: World Init took: (0.001055s)
[2020.03.09-13.07.13:566][279]LogPlayLevel: PIE: Created PIE world by copying editor world from /Game/ThirdPersonBP/Maps/MainMenu.MainMenu to /Game/ThirdPersonBP/Maps/UEDPIE_0_MainMenu.MainMenu (0.002368s)
[2020.03.09-13.07.13:566][279]LogLoad: Game class is 'ThirdPersonGameMode_C'
[2020.03.09-13.07.13:567][279]LogWorld: Bringing World /Game/ThirdPersonBP/Maps/UEDPIE_0_MainMenu.MainMenu up for play (max tick rate 0) at 2020.03.09-13.07.13
[2020.03.09-13.07.13:567][279]LogWorld: Bringing up level for play took: 0.000303
[2020.03.09-13.07.13:568][279]LogGameMode: FindPlayerStart: PATHS NOT DEFINED or NO PLAYERSTART with positive rating
[2020.03.09-13.07.13:569][279]LogLoad: Took 0.065448 seconds to LoadMap(/Game/ThirdPersonBP/Maps/UEDPIE_0_MainMenu)
[2020.03.09-13.07.18:176][815]LogBlueprintUserMessages: Early EndPlayMap Detection: Level '/Game/ThirdPersonBP/Maps/MainMenu.MainMenu:PersistentLevel' has LevelScriptBlueprint '/Game/ThirdPersonBP/Maps/MainMenu.MainMenu:PersistentLevel.MainMenu' with GeneratedClass '/Game/ThirdPersonBP/Maps/MainMenu.MainMenu_C' with ClassGeneratedBy '/Game/ThirdPersonBP/Maps/MainMenu.MainMenu:PersistentLevel.MainMenu'
[2020.03.09-13.07.18:176][815]LogSlate: Updating window title bar state: overlay mode, drag disabled, window buttons hidden, title bar hidden
[2020.03.09-13.07.18:176][815]LogWorld: BeginTearingDown for /Game/ThirdPersonBP/Maps/UEDPIE_0_MainMenu
[2020.03.09-13.07.18:176][815]LogWorld: UWorld::CleanupWorld for MainMenu, bSessionEnded=true, bCleanupResources=true
[2020.03.09-13.07.18:185][815]LogPlayLevel: Display: Shutting down PIE online subsystems
[2020.03.09-13.07.18:185][815]LogBlueprintUserMessages: Late EndPlayMap Detection: Level '/Game/ThirdPersonBP/Maps/MainMenu.MainMenu:PersistentLevel' has LevelScriptBlueprint '/Game/ThirdPersonBP/Maps/MainMenu.MainMenu:PersistentLevel.MainMenu' with GeneratedClass '/Game/ThirdPersonBP/Maps/MainMenu.MainMenu_C' with ClassGeneratedBy '/Game/ThirdPersonBP/Maps/MainMenu.MainMenu:PersistentLevel.MainMenu'
[2020.03.09-13.07.18:252][815]LogSlate: Updating window title bar state: overlay mode, drag disabled, window buttons hidden, title bar hidden
[2020.03.09-13.07.18:256][815]LogUObjectHash: Compacting FUObjectHashTables data took   3.14ms
[2020.03.09-13.07.18:275][817]LogPlayLevel: Display: Destroying online subsystem :Context_16
[2020.03.09-13.08.36:091][ 57]BlueprintLog: New page: Compile PauseMenu
[2020.03.09-13.08.36:147][ 57]LogUObjectHash: Compacting FUObjectHashTables data took   3.81ms
[2020.03.09-13.10.19:072][826]LogUObjectHash: Compacting FUObjectHashTables data took   4.40ms
[2020.03.09-13.10.19:072][826]LogFileHelpers: Editor autosave (incl. sublevels) for '/Game/ThirdPersonBP/Maps/MainMenu' took 0.052
[2020.03.09-13.10.19:074][826]OBJ SavePackage: Generating thumbnails for [1] asset(s) in package [/Game/ThirdPersonBP/Blueprints/Player/ThirdPersonCharacter] ([1] browsable assets)...
[2020.03.09-13.10.19:084][826]OBJ SavePackage:     Rendered thumbnail for [Blueprint /Game/ThirdPersonBP/Blueprints/Player/ThirdPersonCharacter.ThirdPersonCharacter]
[2020.03.09-13.10.19:084][826]OBJ SavePackage: Finished generating thumbnails for package [/Game/ThirdPersonBP/Blueprints/Player/ThirdPersonCharacter]
[2020.03.09-13.10.19:157][826]LogSavePackage: Moving 'D:/1802451/ProjectMock/Saved/ThirdPersonCharacter_Auto2E7F87A3D4126F725CD26D6B34FBB1EB2.tmp' to 'D:/1802451/ProjectMock/Saved/Autosaves/Game/ThirdPersonBP/Blueprints/Player/ThirdPersonCharacter_Auto2.uasset'
[2020.03.09-13.10.19:160][826]OBJ SavePackage: Generating thumbnails for [0] asset(s) in package [/Game/ThirdPersonBP/Blueprints/Menus/PauseMenu] ([1] browsable assets)...
[2020.03.09-13.10.19:160][826]OBJ SavePackage: Finished generating thumbnails for package [/Game/ThirdPersonBP/Blueprints/Menus/PauseMenu]
[2020.03.09-13.10.19:179][826]LogSavePackage: Moving 'D:/1802451/ProjectMock/Saved/PauseMenu_Auto2621D216E4C5433E2FCC0C6B293989029.tmp' to 'D:/1802451/ProjectMock/Saved/Autosaves/Game/ThirdPersonBP/Blueprints/Menus/PauseMenu_Auto2.uasset'
[2020.03.09-13.10.19:181][826]LogFileHelpers: Auto-saving content packages took 0.108
[2020.03.09-13.10.19:998][921]LogAssetEditorManager: Opening Asset editor for Blueprint /Game/ThirdPersonBP/Blueprints/Interfaces/InteractInterface.InteractInterface
[2020.03.09-13.11.16:436][329]LogAssetEditorManager: Opening Asset editor for Blueprint /Game/ThirdPersonBP/Blueprints/Interfaces/PickupInterface.PickupInterface
[2020.03.09-13.14.21:189][589]LogUObjectHash: Compacting FUObjectHashTables data took   3.30ms
[2020.03.09-13.14.22:274][589]LogSlate: Window 'Save Content' being destroyed
[2020.03.09-13.14.22:291][589]Cmd: OBJ SAVEPACKAGE PACKAGE="/Game/ThirdPersonBP/Blueprints/Menus/PauseMenu" FILE="D:/1802451/ProjectMock/Content/ThirdPersonBP/Blueprints/Menus/PauseMenu.uasset" SILENT=true
[2020.03.09-13.14.22:313][589]LogSavePackage: Moving 'D:/1802451/ProjectMock/Saved/PauseMenuD1B92CD8446B80E6503297BD8EFB15C8.tmp' to 'D:/1802451/ProjectMock/Content/ThirdPersonBP/Blueprints/Menus/PauseMenu.uasset'
[2020.03.09-13.14.22:321][589]Cmd: OBJ SAVEPACKAGE PACKAGE="/Game/ThirdPersonBP/Blueprints/Player/HUD" FILE="D:/1802451/ProjectMock/Content/ThirdPersonBP/Blueprints/Player/HUD.uasset" SILENT=true
[2020.03.09-13.14.22:379][589]LogSavePackage: Moving 'D:/1802451/ProjectMock/Saved/HUD48C193384171F023CB87E68FFCBD572A.tmp' to 'D:/1802451/ProjectMock/Content/ThirdPersonBP/Blueprints/Player/HUD.uasset'
[2020.03.09-13.14.22:386][589]Cmd: OBJ SAVEPACKAGE PACKAGE="/Game/ThirdPersonBP/Blueprints/Player/ThirdPersonCharacter" FILE="D:/1802451/ProjectMock/Content/ThirdPersonBP/Blueprints/Player/ThirdPersonCharacter.uasset" SILENT=true
[2020.03.09-13.14.22:454][589]LogSavePackage: Moving 'D:/1802451/ProjectMock/Saved/ThirdPersonCharacter57B01E57446C620609E24590C58D587B.tmp' to 'D:/1802451/ProjectMock/Content/ThirdPersonBP/Blueprints/Player/ThirdPersonCharacter.uasset'
[2020.03.09-13.17.49:221][331]LogWorld: UWorld::CleanupWorld for World_2, bSessionEnded=true, bCleanupResources=true
[2020.03.09-13.17.49:237][331]LogWorld: UWorld::CleanupWorld for World_1, bSessionEnded=true, bCleanupResources=true
[2020.03.09-13.17.50:283][450]LogWorld: UWorld::CleanupWorld for World_6, bSessionEnded=true, bCleanupResources=true
[2020.03.09-13.17.50:968][525]LogWorld: UWorld::CleanupWorld for World_7, bSessionEnded=true, bCleanupResources=true
[2020.03.09-13.17.51:723][611]LogActorComponent: UnregisterComponent: (/Engine/Transient.EditorFloorComp) Not registered. Aborting.
[2020.03.09-13.17.51:723][611]LogWorld: UWorld::CleanupWorld for World_8, bSessionEnded=true, bCleanupResources=true
[2020.03.09-13.17.52:264][670]LogActorComponent: UnregisterComponent: (/Engine/Transient.EditorFloorComp) Not registered. Aborting.
[2020.03.09-13.17.52:264][670]LogWorld: UWorld::CleanupWorld for World_9, bSessionEnded=true, bCleanupResources=true
[2020.03.09-13.17.53:108][764]LogWorld: UWorld::CleanupWorld for World_11, bSessionEnded=true, bCleanupResources=true
[2020.03.09-13.17.53:123][764]LogWorld: UWorld::CleanupWorld for World_10, bSessionEnded=true, bCleanupResources=true
[2020.03.09-13.17.53:880][846]LogWorld: UWorld::CleanupWorld for World_12, bSessionEnded=true, bCleanupResources=true
[2020.03.09-13.17.54:430][907]LogWorld: UWorld::CleanupWorld for World_13, bSessionEnded=true, bCleanupResources=true
[2020.03.09-15.56.34:931][923]LogUObjectHash: Compacting FUObjectHashTables data took   4.22ms
[2020.03.09-15.56.34:992][923]LogSlate: Window 'ProjectMock - Unreal Editor' being destroyed
